<?xml version="1.0" encoding="UTF-8"?>
<!-- Generated by org.testng.reporters.JUnitReportReporter -->
<testsuite hostname="SPMUMLAP-043" failures="0" tests="1" name="Jewel_Loan_Transcharge_Module.AllScenarios_Jewel_Loan_Transcharge_Transfer" time="451.815" errors="0" timestamp="2025-03-12T16:39:33 IST" skipped="0">
  <testcase classname="Jewel_Loan_Transcharge_Module.AllScenarios_Jewel_Loan_Transcharge_Transfer" name="Loan_Closure_Transfer" time="451.815"/>
</testsuite> <!-- Jewel_Loan_Transcharge_Module.AllScenarios_Jewel_Loan_Transcharge_Transfer -->
