<?xml version="1.0" encoding="UTF-8"?>
<!-- Generated by org.testng.reporters.JUnitReportReporter -->
<testsuite hostname="SPTVMLAP-2631" failures="0" tests="1" name="com.test.Admin.AllScenario_Admin_Debenture_Issue_Setting" time="122.713" errors="0" timestamp="2025-04-10T11:09:20 IST" skipped="0">
  <testcase classname="com.test.Admin.AllScenario_Admin_Debenture_Issue_Setting" name="customerRegister" time="122.713"/>
  <system-out/>
</testsuite> <!-- com.test.Admin.AllScenario_Admin_Debenture_Issue_Setting -->
