<?xml version="1.0" encoding="UTF-8"?>
<!-- Generated by org.testng.reporters.JUnitReportReporter -->
<testsuite hostname="SPTVMLAP-2124" failures="0" tests="1" name="com.test.Others.AllSceanrios_Others_DataSharing_CollectionImporting_TRANSFER" time="183.957" errors="0" timestamp="2025-04-02T11:29:54 IST" skipped="0">
  <testcase classname="com.test.Others.AllSceanrios_Others_DataSharing_CollectionImporting_TRANSFER" name="collectionImporting_TRANSFER" time="183.957"/>
  <system-out/>
</testsuite> <!-- com.test.Others.AllSceanrios_Others_DataSharing_CollectionImporting_TRANSFER -->
