<?xml version="1.0" encoding="UTF-8"?>
<!-- Generated by org.testng.reporters.JUnitReportReporter -->
<testsuite hostname="SPTVMLAP-2124" failures="0" tests="1" name="com.test.AccountOperations.AllScenarios_AccOpr_MembMang_MembMang_DEPOSIT" time="155.206" errors="0" timestamp="2025-03-21T12:14:40 IST" skipped="0">
  <testcase classname="com.test.AccountOperations.AllScenarios_AccOpr_MembMang_MembMang_DEPOSIT" name="newCustomer" time="155.206"/>
  <system-out/>
</testsuite> <!-- com.test.AccountOperations.AllScenarios_AccOpr_MembMang_MembMang_DEPOSIT -->
