<?xml version="1.0" encoding="UTF-8"?>
<!-- Generated by org.testng.reporters.JUnitReportReporter -->
<testsuite hostname="TCCOKLAP-5162" failures="0" tests="1" name="com.test.Others.AllScenarios_GLAccBulk_Trans_Imp_Transfer" time="340.514" errors="0" timestamp="2025-04-10T09:48:29 IST" skipped="0">
  <testcase classname="com.test.Others.AllScenarios_GLAccBulk_Trans_Imp_Transfer" name="newCustomer" time="340.514"/>
  <system-out/>
</testsuite> <!-- com.test.Others.AllScenarios_GLAccBulk_Trans_Imp_Transfer -->
