<?xml version="1.0" encoding="UTF-8"?>
<!-- Generated by org.testng.reporters.JUnitReportReporter -->
<testsuite hostname="SPTVMLAP-2631" failures="0" tests="1" name="com.test.Debenture_Application.AllScenario_Debenture_Application_Cashflow" time="123.612" errors="0" timestamp="2025-04-09T21:09:16 IST" skipped="0">
  <testcase classname="com.test.Debenture_Application.AllScenario_Debenture_Application_Cashflow" name="customerRegister" time="123.612"/>
  <system-out/>
</testsuite> <!-- com.test.Debenture_Application.AllScenario_Debenture_Application_Cashflow -->
