<?xml version="1.0" encoding="UTF-8"?>
<!-- Generated by org.testng.reporters.JUnitReportReporter -->
<testsuite hostname="SPMUMLAP-065" failures="0" tests="1" name="com.test.Customer.AllScenarios_Cust_QuickCustomer" time="0.421" errors="0" timestamp="2025-03-17T11:59:11 IST" skipped="0">
  <testcase classname="com.test.Customer.AllScenarios_Cust_QuickCustomer" name="quickCustomer" time="0.421"/>
  <system-out/>
</testsuite> <!-- com.test.Customer.AllScenarios_Cust_QuickCustomer -->
