<?xml version="1.0" encoding="UTF-8"?>
<!-- Generated by org.testng.reporters.JUnitReportReporter -->
<testsuite hostname="SPMUMLAP-043" failures="0" tests="1" name="com.test.Closure_and_Renewals.AllScenarios_Loan_Closure_Cash" time="455.408" errors="0" timestamp="2025-02-27T19:35:21 IST" skipped="0">
  <testcase classname="com.test.Closure_and_Renewals.AllScenarios_Loan_Closure_Cash" name="Loan_Closure_Cash" time="455.408"/>
</testsuite> <!-- com.test.Closure_and_Renewals.AllScenarios_Loan_Closure_Cash -->
