<?xml version="1.0" encoding="UTF-8"?>
<!-- Generated by org.testng.reporters.JUnitReportReporter -->
<testsuite hostname="SPCLTLAP-0350" failures="0" tests="1" name="com.test.Transaction.AllScenarios_InvestmentTransaction_Transfer" time="27.308" errors="0" timestamp="2025-05-22T20:07:51 IST" skipped="0">
  <testcase classname="com.test.Transaction.AllScenarios_InvestmentTransaction_Transfer" name="customerRegister" time="27.308"/>
</testsuite> <!-- com.test.Transaction.AllScenarios_InvestmentTransaction_Transfer -->
