<?xml version="1.0" encoding="UTF-8"?>
<!-- Generated by org.testng.reporters.JUnitReportReporter -->
<testsuite hostname="SPMUMLAP-043" failures="0" tests="1" name="com.test.Customer.AllScenarios_Multi_MultiFD_Opening" time="153.970" errors="0" timestamp="2025-02-10T21:08:59 IST" skipped="0">
  <testcase classname="com.test.Customer.AllScenarios_Multi_MultiFD_Opening" name="Multi_MultiFD_Opening" time="153.970"/>
</testsuite> <!-- com.test.Customer.AllScenarios_Multi_MultiFD_Opening -->
