<?xml version="1.0" encoding="UTF-8"?>
<!-- Generated by org.testng.reporters.JUnitReportReporter -->
<testsuite hostname="SPBLRLAP-2288" failures="0" tests="1" name="Debenture.Allscenaries_Debenture_Transfer" time="89.669" errors="0" timestamp="2025-04-16T12:15:17 IST" skipped="0">
  <testcase classname="Debenture.Allscenaries_Debenture_Transfer" name="newCustomer" time="89.669"/>
</testsuite> <!-- Debenture.Allscenaries_Debenture_Transfer -->
