<?xml version="1.0" encoding="UTF-8"?>
<!-- Generated by org.testng.reporters.JUnitReportReporter -->
<testsuite hostname="SPCLTLAP-0350" failures="0" tests="1" name="com.test.Transaction.AllScenarios_Transaction_SusLiability_Transaction_Transfer" time="315.466" errors="0" timestamp="2025-05-09T12:23:56 IST" skipped="0">
  <testcase classname="com.test.Transaction.AllScenarios_Transaction_SusLiability_Transaction_Transfer" name="newCustomer" time="315.466"/>
</testsuite> <!-- com.test.Transaction.AllScenarios_Transaction_SusLiability_Transaction_Transfer -->
