<?xml version="1.0" encoding="UTF-8"?>
<!-- Generated by org.testng.reporters.JUnitReportReporter -->
<testsuite hostname="SPCLTLAP-0350" failures="0" tests="1" name="com.test.Customer.AllScenarios_Admin_UserCreation" time="62.002" errors="0" timestamp="2025-05-07T11:37:50 IST" skipped="0">
  <testcase classname="com.test.Customer.AllScenarios_Admin_UserCreation" name="userCreation" time="62.002"/>
</testsuite> <!-- com.test.Customer.AllScenarios_Admin_UserCreation -->
