<?xml version="1.0" encoding="UTF-8"?>
<!-- Generated by org.testng.reporters.JUnitReportReporter -->
<testsuite hostname="SPCLTLAP-0350" failures="0" tests="1" name="com.test.OLTransaction.AllScenario_OLTransaction_Cash_Transfer" time="16.566" errors="0" timestamp="2025-05-22T20:07:51 IST" skipped="0">
  <testcase classname="com.test.OLTransaction.AllScenario_OLTransaction_Cash_Transfer" name="newCustomer" time="16.566"/>
</testsuite> <!-- com.test.OLTransaction.AllScenario_OLTransaction_Cash_Transfer -->
