<?xml version="1.0" encoding="UTF-8"?>
<!-- Generated by org.testng.reporters.JUnitReportReporter -->
<testsuite hostname="SPTVMLAP-2124" failures="0" tests="1" name="com.test.GroupLoans.AllScenarios_GroupLoans_CentreGroupRegistration" time="111.650" errors="0" timestamp="2025-04-04T16:16:49 IST" skipped="0">
  <testcase classname="com.test.GroupLoans.AllScenarios_GroupLoans_CentreGroupRegistration" name="centreGroupRegistration" time="111.650"/>
  <system-out/>
</testsuite> <!-- com.test.GroupLoans.AllScenarios_GroupLoans_CentreGroupRegistration -->
