<?xml version="1.0" encoding="UTF-8"?>
<!-- Generated by org.testng.reporters.JUnitReportReporter -->
<testsuite hostname="SPTVMLAP-2124" failures="0" tests="1" name="com.test.AccountOpening.AllScenarios_AccOpn_LoanOpn_DepoOpn_DepoLoan_TRANSFER" time="403.722" errors="0" timestamp="2025-03-04T12:13:17 IST" skipped="0">
  <testcase classname="com.test.AccountOpening.AllScenarios_AccOpn_LoanOpn_DepoOpn_DepoLoan_TRANSFER" name="newCustomer" time="403.722"/>
  <system-out/>
</testsuite> <!-- com.test.AccountOpening.AllScenarios_AccOpn_LoanOpn_DepoOpn_DepoLoan_TRANSFER -->
