<?xml version="1.0" encoding="UTF-8"?>
<!-- Generated by org.testng.reporters.JUnitReportReporter -->
<testsuite hostname="SPCLTLAP-0350" failures="0" tests="1" name="com.Bond_Issue.AllScenario_Bond_Issue" time="350.104" errors="0" timestamp="2025-05-12T22:02:11 IST" skipped="0">
  <testcase classname="com.Bond_Issue.AllScenario_Bond_Issue" name="newCustomer" time="350.104"/>
</testsuite> <!-- com.Bond_Issue.AllScenario_Bond_Issue -->
