<?xml version="1.0" encoding="UTF-8"?>
<!-- Generated by org.testng.reporters.JUnitReportReporter -->
<testsuite hostname="SPTVMLAP-2124" failures="0" tests="1" name="com.test.AccountOpening.AllScenarios_AccOpn_LoanOpn_JewelLoan_GoldLoan" time="404.421" errors="0" timestamp="2025-02-13T15:08:12 IST" skipped="0">
  <testcase classname="com.test.AccountOpening.AllScenarios_AccOpn_LoanOpn_JewelLoan_GoldLoan" name="newCustomer" time="404.421"/>
  <system-out/>
</testsuite> <!-- com.test.AccountOpening.AllScenarios_AccOpn_LoanOpn_JewelLoan_GoldLoan -->
