<?xml version="1.0" encoding="UTF-8"?>
<!-- Generated by org.testng.reporters.JUnitReportReporter -->
<testsuite hostname="SPTVMLAP-2124" failures="0" tests="1" name="com.test.ProcessingAndPosting.AllScenarios_ProcessAndPosting_ChargePosting_LoanChargePosting_CASH" time="215.866" errors="0" timestamp="2025-03-18T11:21:03 IST" skipped="0">
  <testcase classname="com.test.ProcessingAndPosting.AllScenarios_ProcessAndPosting_ChargePosting_LoanChargePosting_CASH" name="newCustomer" time="215.866"/>
  <system-out/>
</testsuite> <!-- com.test.ProcessingAndPosting.AllScenarios_ProcessAndPosting_ChargePosting_LoanChargePosting_CASH -->
