<?xml version="1.0" encoding="UTF-8"?>
<!-- Generated by org.testng.reporters.JUnitReportReporter -->
<testsuite hostname="SPCLTLAP-0319" failures="0" tests="2" name="com.test.Customer.AllScenarios_Cust_CustSearch" time="80.187" errors="0" timestamp="2025-04-11T15:11:37 IST" skipped="0">
  <testcase classname="com.test.Customer.AllScenarios_Cust_CustSearch" name="customerSearch" time="0.016"/>
  <testcase classname="com.test.Customer.AllScenarios_Cust_CustSearch" name="customerSearch" time="80.171"/>
</testsuite> <!-- com.test.Customer.AllScenarios_Cust_CustSearch -->
