<?xml version="1.0" encoding="UTF-8"?>
<!-- Generated by org.testng.reporters.JUnitReportReporter -->
<testsuite hostname="SPTVMLAP-2124" failures="0" tests="1" name="com.test.AccountOpening.AllScenarios_AccOpn_LoanOpn_LoanAndAdvan_PersnlLoanWeekly" time="734.454" errors="0" timestamp="2025-02-24T12:15:50 IST" skipped="0">
  <testcase classname="com.test.AccountOpening.AllScenarios_AccOpn_LoanOpn_LoanAndAdvan_PersnlLoanWeekly" name="newCustomer" time="734.454"/>
  <system-out/>
</testsuite> <!-- com.test.AccountOpening.AllScenarios_AccOpn_LoanOpn_LoanAndAdvan_PersnlLoanWeekly -->
