<?xml version="1.0" encoding="UTF-8"?>
<!-- Generated by org.testng.reporters.JUnitReportReporter -->
<testsuite hostname="SPCLTLAP-0350" failures="0" tests="1" name="com.test.OLTransaction.AllScenario_OLTransaction_Cash_Transfer" time="103.051" errors="0" timestamp="2025-05-02T15:20:33 IST" skipped="0">
  <testcase classname="com.test.OLTransaction.AllScenario_OLTransaction_Cash_Transfer" name="newCustomer" time="103.051"/>
</testsuite> <!-- com.test.OLTransaction.AllScenario_OLTransaction_Cash_Transfer -->
