<?xml version="1.0" encoding="UTF-8"?>
<!-- Generated by org.testng.reporters.JUnitReportReporter -->
<testsuite hostname="SPCLTLAP-0350" failures="0" tests="1" name="com.test.Transaction.AllScenarios_InvestmentTransaction_Transfer" time="199.231" errors="0" timestamp="2025-05-09T12:38:32 IST" skipped="0">
  <testcase classname="com.test.Transaction.AllScenarios_InvestmentTransaction_Transfer" name="customerRegister" time="199.231"/>
</testsuite> <!-- com.test.Transaction.AllScenarios_InvestmentTransaction_Transfer -->
