<?xml version="1.0" encoding="UTF-8"?>
<!-- Generated by org.testng.reporters.JUnitReportReporter -->
<testsuite hostname="SPBLRLAP-611" failures="0" tests="1" name="com.test.Customer.AllScenarios_Cust_CustRating" time="125.547" errors="0" timestamp="2025-02-06T13:46:08 IST" skipped="0">
  <testcase classname="com.test.Customer.AllScenarios_Cust_CustRating" name="customerRating" time="125.547"/>
  <system-out/>
</testsuite> <!-- com.test.Customer.AllScenarios_Cust_CustRating -->
