<?xml version="1.0" encoding="UTF-8"?>
<!-- Generated by org.testng.reporters.JUnitReportReporter -->
<testsuite hostname="SPMUMLAP-4102" failures="0" tests="1" name="com.test.GeneralOpening.AllScenario_GeneralOpen_Cash_Transfer" time="0.000" errors="0" timestamp="2025-03-05T10:01:12 IST" skipped="1">
  <testcase classname="com.test.GeneralOpening.AllScenario_GeneralOpen_Cash_Transfer" name="newCustomer" time="0.000">
    <skipped/>
  </testcase> <!-- newCustomer -->
  <system-out/>
</testsuite> <!-- com.test.GeneralOpening.AllScenario_GeneralOpen_Cash_Transfer -->
