<?xml version="1.0" encoding="UTF-8"?>
<!-- Generated by org.testng.reporters.JUnitReportReporter -->
<testsuite hostname="SPCLTLAP-0350" failures="0" tests="1" name="com.test.AccountOpening.AllScenarios_Otherloanopening_jewelsecurity" time="27.154" errors="0" timestamp="2025-05-22T20:07:51 IST" skipped="0">
  <testcase classname="com.test.AccountOpening.AllScenarios_Otherloanopening_jewelsecurity" name="loanOpeningModule" time="27.154"/>
</testsuite> <!-- com.test.AccountOpening.AllScenarios_Otherloanopening_jewelsecurity -->
