<?xml version="1.0" encoding="UTF-8"?>
<!-- Generated by org.testng.reporters.JUnitReportReporter -->
<testsuite hostname="SPCLTLAP-0350" failures="0" tests="1" name="com.test.Transaction.AllScenarios_Transaction_Transactions_Jewel_TRANSFER" time="446.080" errors="0" timestamp="2025-05-22T20:07:52 IST" skipped="0">
  <testcase classname="com.test.Transaction.AllScenarios_Transaction_Transactions_Jewel_TRANSFER" name="newCustomer" time="446.080"/>
</testsuite> <!-- com.test.Transaction.AllScenarios_Transaction_Transactions_Jewel_TRANSFER -->
