<?xml version="1.0" encoding="UTF-8"?>
<!-- Generated by org.testng.reporters.JUnitReportReporter -->
<testsuite hostname="SPTVMLAP-2124" failures="0" tests="2" name="com.test.Customer.AllScenarios_Cust_CustSearch" time="317.298" errors="0" timestamp="2024-12-26T09:24:23 IST" skipped="0">
  <testcase classname="com.test.Customer.AllScenarios_Cust_CustSearch" name="customerSearch" time="317.298"/>
  <system-out/>
  <testcase classname="com.test.Customer.AllScenarios_Cust_CustSearch" name="customerSearch" time="0.000"/>
  <system-out/>
</testsuite> <!-- com.test.Customer.AllScenarios_Cust_CustSearch -->
