<?xml version="1.0" encoding="UTF-8"?>
<!-- Generated by org.testng.reporters.JUnitReportReporter -->
<testsuite hostname="SPMUMLAP-4102" failures="0" tests="1" name="com.test.Agent_transfer.AllScenarios_Agent_Transfer" time="40.061" errors="0" timestamp="2025-04-22T12:51:12 IST" skipped="0">
  <testcase classname="com.test.Agent_transfer.AllScenarios_Agent_Transfer" name="newCustomer" time="40.061"/>
  <system-out/>
</testsuite> <!-- com.test.Agent_transfer.AllScenarios_Agent_Transfer -->
