<?xml version="1.0" encoding="UTF-8"?>
<!-- Generated by org.testng.reporters.JUnitReportReporter -->
<testsuite hostname="SPMUMLAP-043" failures="0" tests="1" name="com.test.Customer.AllScenarios_Cust_CustSearch" time="32.408" errors="0" timestamp="2025-02-04T13:16:14 IST" skipped="0">
  <testcase classname="com.test.Customer.AllScenarios_Cust_CustSearch" name="customerSearch" time="32.408"/>
</testsuite> <!-- com.test.Customer.AllScenarios_Cust_CustSearch -->
