<?xml version="1.0" encoding="UTF-8"?>
<!-- Generated by org.testng.reporters.JUnitReportReporter -->
<testsuite hostname="SPMUMLAP-4102" failures="0" tests="1" name="com.test.JewelLoanClosure.AllScenario_JewelLoan_Closure_Cash_Transfer" time="315.321" errors="0" timestamp="2025-03-18T09:53:16 IST" skipped="0">
  <testcase classname="com.test.JewelLoanClosure.AllScenario_JewelLoan_Closure_Cash_Transfer" name="newCustomer" time="315.321"/>
  <system-out/>
</testsuite> <!-- com.test.JewelLoanClosure.AllScenario_JewelLoan_Closure_Cash_Transfer -->
