<?xml version="1.0" encoding="UTF-8"?>
<!-- Generated by org.testng.reporters.JUnitReportReporter -->
<testsuite hostname="SPCLTLAP-0350" failures="0" tests="1" name="com.test.AccountOpening.AllScenarios_Otherloanoping_documentsecurity_Transfer" time="675.532" errors="0" timestamp="2025-05-08T11:45:23 IST" skipped="0">
  <testcase classname="com.test.AccountOpening.AllScenarios_Otherloanoping_documentsecurity_Transfer" name="loanOpeningModule" time="675.532"/>
</testsuite> <!-- com.test.AccountOpening.AllScenarios_Otherloanoping_documentsecurity_Transfer -->
