<?xml version="1.0" encoding="UTF-8"?>
<!-- Generated by org.testng.reporters.JUnitReportReporter -->
<testsuite hostname="SPTVMLAP-2124" failures="0" tests="1" name="com.test.AccountOpening.AllScenarios_AccOpn_DepoOpn_FixedDepo_BondCumulative_CASH" time="264.800" errors="0" timestamp="2025-02-27T15:37:40 IST" skipped="0">
  <testcase classname="com.test.AccountOpening.AllScenarios_AccOpn_DepoOpn_FixedDepo_BondCumulative_CASH" name="newCustomer" time="264.800"/>
  <system-out/>
</testsuite> <!-- com.test.AccountOpening.AllScenarios_AccOpn_DepoOpn_FixedDepo_BondCumulative_CASH -->
