<?xml version="1.0" encoding="UTF-8"?>
<!-- Generated by org.testng.reporters.JUnitReportReporter -->
<testsuite hostname="SPTVMLAP-2631" failures="0" tests="1" name="com.test.AccountOpening.Allscenarios_Accopen_Loan_ACOPL_Twowheeler_Cash" time="499.527" errors="0" timestamp="2025-04-29T16:45:20 IST" skipped="0">
  <testcase classname="com.test.AccountOpening.Allscenarios_Accopen_Loan_ACOPL_Twowheeler_Cash" name="customerRegister" time="499.527"/>
  <system-out/>
</testsuite> <!-- com.test.AccountOpening.Allscenarios_Accopen_Loan_ACOPL_Twowheeler_Cash -->
