<?xml version="1.0" encoding="UTF-8"?>
<!-- Generated by org.testng.reporters.JUnitReportReporter -->
<testsuite hostname="SPCLTLAP-0350" failures="0" tests="1" name="com.test.JewelLoanClosure.AllScenario_JewelLoan_Closure_Cash_Transfer" time="533.908" errors="0" timestamp="2025-05-12T12:23:39 IST" skipped="0">
  <testcase classname="com.test.JewelLoanClosure.AllScenario_JewelLoan_Closure_Cash_Transfer" name="newCustomer" time="533.908"/>
</testsuite> <!-- com.test.JewelLoanClosure.AllScenario_JewelLoan_Closure_Cash_Transfer -->
