<?xml version="1.0" encoding="UTF-8"?>
<!-- Generated by org.testng.reporters.JUnitReportReporter -->
<testsuite hostname="SPTVMLAP-2631" failures="0" tests="1" name="com.test.Customer.AllScenarios_Cust_AccountOpening_FixedDeposit" time="598.363" errors="0" timestamp="2025-03-04T16:24:55 IST" skipped="0">
  <testcase classname="com.test.Customer.AllScenarios_Cust_AccountOpening_FixedDeposit" name="customerRegister" time="598.363"/>
  <system-out/>
</testsuite> <!-- com.test.Customer.AllScenarios_Cust_AccountOpening_FixedDeposit -->
