<?xml version="1.0" encoding="UTF-8"?>
<!-- Generated by org.testng.reporters.JUnitReportReporter -->
<testsuite hostname="SPCLTLAP-0350" failures="0" tests="1" name="com.test.AccountOpening.AllScenarios_AccOpn_LoanOpn_DepoOpn_DepoLoan_TRANSFER" time="666.312" errors="0" timestamp="2025-05-23T10:57:44 IST" skipped="0">
  <testcase classname="com.test.AccountOpening.AllScenarios_AccOpn_LoanOpn_DepoOpn_DepoLoan_TRANSFER" name="newCustomer" time="666.312"/>
</testsuite> <!-- com.test.AccountOpening.AllScenarios_AccOpn_LoanOpn_DepoOpn_DepoLoan_TRANSFER -->
