<?xml version="1.0" encoding="UTF-8"?>
<!-- Generated by org.testng.reporters.JUnitReportReporter -->
<testsuite hostname="SPMUMLAP-043" failures="0" tests="1" name="com.test.Share_Transfer_Module.AllScenarios_Share_Transfer" time="91.423" errors="0" timestamp="2025-03-28T16:14:22 IST" skipped="0">
  <testcase classname="com.test.Share_Transfer_Module.AllScenarios_Share_Transfer" name="Loan_Closure_Cash" time="91.423"/>
</testsuite> <!-- com.test.Share_Transfer_Module.AllScenarios_Share_Transfer -->
