<?xml version="1.0" encoding="UTF-8"?>
<!-- Generated by org.testng.reporters.JUnitReportReporter -->
<testsuite hostname="SPTVMLAP-2124" failures="0" tests="1" name="customer.AllScenarios_Customer_Search" time="179.711" errors="0" timestamp="2024-11-22T12:33:12 IST" skipped="0">
  <testcase classname="customer.AllScenarios_Customer_Search" name="customerSearch" time="179.711"/>
  <system-out/>
</testsuite> <!-- customer.AllScenarios_Customer_Search -->
