<?xml version="1.0" encoding="UTF-8"?>
<!-- Generated by org.testng.reporters.JUnitReportReporter -->
<testsuite hostname="SPMUMLAP-4102" failures="0" tests="1" name="com.test.OLTransaction.AllScenario_OL_Transaction_Closure_Cash_Transfer" time="268.452" errors="0" timestamp="2025-03-19T11:25:29 IST" skipped="0">
  <testcase classname="com.test.OLTransaction.AllScenario_OL_Transaction_Closure_Cash_Transfer" name="newCustomer" time="268.452"/>
  <system-out/>
</testsuite> <!-- com.test.OLTransaction.AllScenario_OL_Transaction_Closure_Cash_Transfer -->
