<?xml version="1.0" encoding="UTF-8"?>
<!-- Generated by org.testng.reporters.JUnitReportReporter -->
<testsuite hostname="SPTVMLAP-2124" failures="0" tests="1" name="com.test.Transaction.AllScenarios_Transaction_Transactions_Jewel_CASH" time="185.401" errors="0" timestamp="2025-03-10T10:51:39 IST" skipped="0">
  <testcase classname="com.test.Transaction.AllScenarios_Transaction_Transactions_Jewel_CASH" name="newCustomer" time="185.401"/>
  <system-out/>
</testsuite> <!-- com.test.Transaction.AllScenarios_Transaction_Transactions_Jewel_CASH -->
