<?xml version="1.0" encoding="UTF-8"?>
<!-- Generated by org.testng.reporters.JUnitReportReporter -->
<testsuite hostname="TCCOKLAP-5162" failures="0" tests="1" name="com.test.Others.AllScenarios_GLAccBulk_Trans_Imp_Transfer" time="204.320" errors="0" timestamp="2025-04-16T09:52:27 IST" skipped="0">
  <testcase classname="com.test.Others.AllScenarios_GLAccBulk_Trans_Imp_Transfer" name="newCustomer" time="204.320"/>
  <system-out/>
</testsuite> <!-- com.test.Others.AllScenarios_GLAccBulk_Trans_Imp_Transfer -->
