<?xml version="1.0" encoding="UTF-8"?>
<!-- Generated by org.testng.reporters.JUnitReportReporter -->
<testsuite hostname="SPTVMLAP-2124" failures="0" tests="1" name="com.test.AccountOperations.AllScenarios_AccOpr_NomineeManagement" time="174.246" errors="0" timestamp="2025-03-25T16:56:51 IST" skipped="0">
  <testcase classname="com.test.AccountOperations.AllScenarios_AccOpr_NomineeManagement" name="newCustomer" time="174.246"/>
  <system-out/>
</testsuite> <!-- com.test.AccountOperations.AllScenarios_AccOpr_NomineeManagement -->
