<?xml version="1.0" encoding="UTF-8"?>
<!-- Generated by org.testng.reporters.JUnitReportReporter -->
<testsuite hostname="SPMUMLAP-043" failures="0" tests="1" name="com.test.Multiple_FixedDeposit.AllScenarios_Multi_MultiFD_Opening_Transfer" time="481.533" errors="0" timestamp="2025-02-25T13:01:27 IST" skipped="0">
  <testcase classname="com.test.Multiple_FixedDeposit.AllScenarios_Multi_MultiFD_Opening_Transfer" name="Multi_MultiFD_Opening" time="481.533"/>
</testsuite> <!-- com.test.Multiple_FixedDeposit.AllScenarios_Multi_MultiFD_Opening_Transfer -->
