<?xml version="1.0" encoding="UTF-8"?>
<!-- Generated by org.testng.reporters.JUnitReportReporter -->
<testsuite hostname="SPCLTLAP-0350" failures="0" tests="1" name="com.test.GroupLoans.AllScenarios_GroupLoans_GroupLoanApplication" time="241.294" errors="0" timestamp="2025-05-22T20:07:52 IST" skipped="0">
  <testcase classname="com.test.GroupLoans.AllScenarios_GroupLoans_GroupLoanApplication" name="groupLoanApplication" time="241.294"/>
</testsuite> <!-- com.test.GroupLoans.AllScenarios_GroupLoans_GroupLoanApplication -->
