<?xml version="1.0" encoding="UTF-8"?>
<!-- Generated by org.testng.reporters.JUnitReportReporter -->
<testsuite hostname="SPMUMLAP-4102" failures="0" tests="1" name="com.test.GeneralOpening.AllScenario_GeneralOpen_Cash_Transfer" time="301.410" errors="0" timestamp="2025-03-04T11:02:05 IST" skipped="0">
  <testcase classname="com.test.GeneralOpening.AllScenario_GeneralOpen_Cash_Transfer" name="newCustomer" time="301.410"/>
  <system-out/>
</testsuite> <!-- com.test.GeneralOpening.AllScenario_GeneralOpen_Cash_Transfer -->
