<?xml version="1.0" encoding="UTF-8"?>
<!-- Generated by org.testng.reporters.JUnitReportReporter -->
<testsuite hostname="SPMUMLAP-4102" failures="0" tests="1" name="com.Bond_Issue.AllScenario_Bond_Issue" time="306.317" errors="0" timestamp="2025-04-16T14:33:01 IST" skipped="0">
  <testcase classname="com.Bond_Issue.AllScenario_Bond_Issue" name="newCustomer" time="306.317"/>
  <system-out/>
</testsuite> <!-- com.Bond_Issue.AllScenario_Bond_Issue -->
