<?xml version="1.0" encoding="UTF-8"?>
<!-- Generated by org.testng.reporters.JUnitReportReporter -->
<testsuite hostname="SPCLTLAP-0350" failures="0" tests="1" name="com.test.AccountOperations.AllScenarios_AccOpr_MembMang_MembMang_DEPOSIT" time="414.418" errors="0" timestamp="2025-05-22T20:07:52 IST" skipped="0">
  <testcase classname="com.test.AccountOperations.AllScenarios_AccOpr_MembMang_MembMang_DEPOSIT" name="newCustomer" time="414.418"/>
</testsuite> <!-- com.test.AccountOperations.AllScenarios_AccOpr_MembMang_MembMang_DEPOSIT -->
