<?xml version="1.0" encoding="UTF-8"?>
<!-- Generated by org.testng.reporters.JUnitReportReporter -->
<testsuite hostname="SPMUMLAP-4102" failures="0" tests="1" name="com.test.OLTransaction.AllScenario_OLTransaction_Cash_Transfer" time="165.508" errors="0" timestamp="2025-03-12T10:55:27 IST" skipped="0">
  <testcase classname="com.test.OLTransaction.AllScenario_OLTransaction_Cash_Transfer" name="newCustomer" time="165.508"/>
  <system-out/>
</testsuite> <!-- com.test.OLTransaction.AllScenario_OLTransaction_Cash_Transfer -->
