<?xml version="1.0" encoding="UTF-8"?>
<!-- Generated by org.testng.reporters.JUnitReportReporter -->
<testsuite hostname="SPMUMLAP-043" failures="0" tests="1" name="com.test.Jewel_Gold_Loan_Renewal_Module.AllScenarios_Jewel_Gold_Loan_Renewal_Transfer" time="802.540" errors="0" timestamp="2025-03-05T15:18:38 IST" skipped="0">
  <testcase classname="com.test.Jewel_Gold_Loan_Renewal_Module.AllScenarios_Jewel_Gold_Loan_Renewal_Transfer" name="Loan_Closure_Transfer" time="802.540"/>
</testsuite> <!-- com.test.Jewel_Gold_Loan_Renewal_Module.AllScenarios_Jewel_Gold_Loan_Renewal_Transfer -->
