<?xml version="1.0" encoding="UTF-8"?>
<!-- Generated by org.testng.reporters.JUnitReportReporter -->
<testsuite hostname="SPMUMLAP-043" failures="0" tests="1" name="com.test.Share_Transfer_Module.AllScenarios_Share_Transfer" time="126.592" errors="0" timestamp="2025-04-01T13:16:51 IST" skipped="0">
  <testcase classname="com.test.Share_Transfer_Module.AllScenarios_Share_Transfer" name="Loan_Closure_Cash" time="126.592"/>
</testsuite> <!-- com.test.Share_Transfer_Module.AllScenarios_Share_Transfer -->
