<?xml version="1.0" encoding="UTF-8"?>
<!-- Generated by org.testng.reporters.JUnitReportReporter -->
<testsuite hostname="SPTVMLAP-2124" failures="0" tests="1" name="com.test.GroupLoans.AllScenarios_GroupLoans_GroupLoanSanction" time="82.851" errors="0" timestamp="2025-04-09T12:57:10 IST" skipped="0">
  <testcase classname="com.test.GroupLoans.AllScenarios_GroupLoans_GroupLoanSanction" name="groupLoanSanction" time="82.851"/>
  <system-out/>
</testsuite> <!-- com.test.GroupLoans.AllScenarios_GroupLoans_GroupLoanSanction -->
