<?xml version="1.0" encoding="UTF-8"?>
<!-- Generated by org.testng.reporters.JUnitReportReporter -->
<testsuite hostname="SPCLTLAP-2427" failures="0" tests="1" name="com.test.Debentures.AllScenarios_Debentures_DebentureAllotment" time="51.671" errors="0" timestamp="2025-04-16T12:10:35 IST" skipped="0">
  <testcase classname="com.test.Debentures.AllScenarios_Debentures_DebentureAllotment" name="Debenture" time="51.671"/>
  <system-out/>
</testsuite> <!-- com.test.Debentures.AllScenarios_Debentures_DebentureAllotment -->
