<?xml version="1.0" encoding="UTF-8"?>
<!-- Generated by org.testng.reporters.JUnitReportReporter -->
<testsuite hostname="SPTVMLAP-2124" failures="0" tests="1" name="com.test.AccountOpening.AllScenarios_AccOpn_GeneralOpn_SuspenseAsset_CASH" time="173.731" errors="0" timestamp="2025-03-03T14:23:24 IST" skipped="0">
  <testcase classname="com.test.AccountOpening.AllScenarios_AccOpn_GeneralOpn_SuspenseAsset_CASH" name="newCustomer" time="173.731"/>
  <system-out/>
</testsuite> <!-- com.test.AccountOpening.AllScenarios_AccOpn_GeneralOpn_SuspenseAsset_CASH -->
