<?xml version="1.0" encoding="UTF-8"?>
<!-- Generated by org.testng.reporters.JUnitReportReporter -->
<testsuite hostname="SPTVMLAP-2124" failures="0" tests="2" name="com.test.LeaveModule.AllScenarios_EWCLeaveModule" time="43.295" errors="0" timestamp="2024-11-18T16:03:13 IST" skipped="0">
  <testcase classname="com.test.LeaveModule.AllScenarios_EWCLeaveModule" name="RUNALL" time="43.293"/>
  <system-out/>
  <testcase classname="com.test.LeaveModule.AllScenarios_EWCLeaveModule" name="RUNALL" time="0.002"/>
  <system-out/>
</testsuite> <!-- com.test.LeaveModule.AllScenarios_EWCLeaveModule -->
