<?xml version="1.0" encoding="UTF-8"?>
<!-- Generated by org.testng.reporters.JUnitReportReporter -->
<testsuite hostname="SPCLTLAP-0350" failures="0" tests="1" name="com.test.Transaction.AllScenarios_InvestmentTransaction_Cash" time="194.669" errors="0" timestamp="2025-05-09T12:33:22 IST" skipped="0">
  <testcase classname="com.test.Transaction.AllScenarios_InvestmentTransaction_Cash" name="customerRegister" time="194.669"/>
</testsuite> <!-- com.test.Transaction.AllScenarios_InvestmentTransaction_Cash -->
