<?xml version="1.0" encoding="UTF-8"?>
<!-- Generated by org.testng.reporters.JUnitReportReporter -->
<testsuite hostname="TCCOKLAP-5162" failures="0" tests="1" name="com.test.ProcessingAndPosting.AllScenarios_DayEnd" time="38.728" errors="0" timestamp="2025-04-24T11:35:15 IST" skipped="0">
  <testcase classname="com.test.ProcessingAndPosting.AllScenarios_DayEnd" name="newCustomer" time="38.728"/>
  <system-out/>
</testsuite> <!-- com.test.ProcessingAndPosting.AllScenarios_DayEnd -->
