<?xml version="1.0" encoding="UTF-8"?>
<!-- Generated by org.testng.reporters.JUnitReportReporter -->
<testsuite hostname="SPMUMLAP-043" failures="0" tests="1" name="com.test.Customer.AllScenarios_Cust_QuickCustomer" time="31.299" errors="0" timestamp="2025-02-04T13:23:49 IST" skipped="0">
  <testcase classname="com.test.Customer.AllScenarios_Cust_QuickCustomer" name="quickCustomer" time="31.299"/>
</testsuite> <!-- com.test.Customer.AllScenarios_Cust_QuickCustomer -->
