<?xml version="1.0" encoding="UTF-8"?>
<!-- Generated by org.testng.reporters.JUnitReportReporter -->
<testsuite hostname="SPBLRLAP-2288" failures="0" tests="1" name="com.test.AccountOpening.AllScenarios_AccOpn_GeneralOpn_SuspenseAsset_CASH" time="0.379" errors="0" timestamp="2025-03-11T16:57:05 IST" skipped="0">
  <testcase classname="com.test.AccountOpening.AllScenarios_AccOpn_GeneralOpn_SuspenseAsset_CASH" name="newCustomer" time="0.379"/>
</testsuite> <!-- com.test.AccountOpening.AllScenarios_AccOpn_GeneralOpn_SuspenseAsset_CASH -->
