<?xml version="1.0" encoding="UTF-8"?>
<!-- Generated by org.testng.reporters.JUnitReportReporter -->
<testsuite hostname="SPTVMLAP-2124" failures="0" tests="1" name="com.test.Debenuture.AllScenarios_Debenture_DebentureRedemption_CASH" time="153.733" errors="0" timestamp="2025-04-24T14:38:15 IST" skipped="0">
  <testcase classname="com.test.Debenuture.AllScenarios_Debenture_DebentureRedemption_CASH" name="debentureRedemption_CASH" time="153.733"/>
  <system-out/>
</testsuite> <!-- com.test.Debenuture.AllScenarios_Debenture_DebentureRedemption_CASH -->
