<?xml version="1.0" encoding="UTF-8"?>
<!-- Generated by org.testng.reporters.JUnitReportReporter -->
<testsuite hostname="SPCLTLAP-0350" failures="0" tests="1" name="com.Debenture_Interest_Payment_Transfer.AllScenarios_Debenture_Interest_Payment_Transfer" time="221.086" errors="0" timestamp="2025-05-13T15:02:37 IST" skipped="0">
  <testcase classname="com.Debenture_Interest_Payment_Transfer.AllScenarios_Debenture_Interest_Payment_Transfer" name="newCustomer" time="221.086"/>
</testsuite> <!-- com.Debenture_Interest_Payment_Transfer.AllScenarios_Debenture_Interest_Payment_Transfer -->
