<?xml version="1.0" encoding="UTF-8"?>
<!-- Generated by org.testng.reporters.JUnitReportReporter -->
<testsuite hostname="SPMUMLAP-065" failures="0" tests="1" name="com.test.Transaction.AllScenarios_Transaction_SusLiability_Transaction_Transfer" time="295.205" errors="0" timestamp="2025-03-18T17:00:29 IST" skipped="0">
  <testcase classname="com.test.Transaction.AllScenarios_Transaction_SusLiability_Transaction_Transfer" name="newCustomer" time="295.205"/>
  <system-out/>
</testsuite> <!-- com.test.Transaction.AllScenarios_Transaction_SusLiability_Transaction_Transfer -->
