<?xml version="1.0" encoding="UTF-8"?>
<!-- Generated by org.testng.reporters.JUnitReportReporter -->
<testsuite hostname="SPMUMLAP-065" failures="0" tests="1" name="com.test.Transaction.AllScenarios_InvestmentTransaction_Cash" time="173.531" errors="0" timestamp="2025-03-18T11:44:01 IST" skipped="0">
  <testcase classname="com.test.Transaction.AllScenarios_InvestmentTransaction_Cash" name="customerRegister" time="173.531"/>
  <system-out/>
</testsuite> <!-- com.test.Transaction.AllScenarios_InvestmentTransaction_Cash -->
