<?xml version="1.0" encoding="UTF-8"?>
<!-- Generated by org.testng.reporters.JUnitReportReporter -->
<testsuite hostname="SPCLTLAP-0350" failures="0" tests="1" name="com.test.GroupLoans.AllScenarios_GroupLoans_GroupLoanPayment_CASH" time="193.974" errors="0" timestamp="2025-05-22T20:07:51 IST" skipped="0">
  <testcase classname="com.test.GroupLoans.AllScenarios_GroupLoans_GroupLoanPayment_CASH" name="groupLoanPayment_CASH" time="193.974"/>
</testsuite> <!-- com.test.GroupLoans.AllScenarios_GroupLoans_GroupLoanPayment_CASH -->
