<?xml version="1.0" encoding="UTF-8"?>
<!-- Generated by org.testng.reporters.JUnitReportReporter -->
<testsuite hostname="SPMUMLAP-4102" failures="0" tests="1" name="com.Debenture_Interest_Payment_Transfer.AllScenarios_Debenture_Interest_Payment_Transfer" time="33.336" errors="0" timestamp="2025-04-21T09:54:08 IST" skipped="0">
  <testcase classname="com.Debenture_Interest_Payment_Transfer.AllScenarios_Debenture_Interest_Payment_Transfer" name="newCustomer" time="33.336"/>
  <system-out/>
</testsuite> <!-- com.Debenture_Interest_Payment_Transfer.AllScenarios_Debenture_Interest_Payment_Transfer -->
