<?xml version="1.0" encoding="UTF-8"?>
<!-- Generated by org.testng.reporters.JUnitReportReporter -->
<testsuite hostname="SPCLTLAP-0350" failures="0" tests="1" name="Jewel_Loan_Transcharge_Module.AllScenarios_Jewel_Loan_Transcharge_Cash" time="275.204" errors="0" timestamp="2025-05-09T22:08:32 IST" skipped="0">
  <testcase classname="Jewel_Loan_Transcharge_Module.AllScenarios_Jewel_Loan_Transcharge_Cash" name="Loan_Closure_Cash" time="275.204"/>
</testsuite> <!-- Jewel_Loan_Transcharge_Module.AllScenarios_Jewel_Loan_Transcharge_Cash -->
