<?xml version="1.0" encoding="UTF-8"?>
<!-- Generated by org.testng.reporters.JUnitReportReporter -->
<testsuite hostname="SPMUMLAP-065" failures="0" tests="1" name="com.test.Transaction.AllScenarios_InvestmentTransactionCash_Transfer" time="173.218" errors="0" timestamp="2025-03-17T22:56:00 IST" skipped="0">
  <testcase classname="com.test.Transaction.AllScenarios_InvestmentTransactionCash_Transfer" name="customerRegister" time="173.218"/>
  <system-out/>
</testsuite> <!-- com.test.Transaction.AllScenarios_InvestmentTransactionCash_Transfer -->
