<?xml version="1.0" encoding="UTF-8"?>
<!-- Generated by org.testng.reporters.JUnitReportReporter -->
<testsuite hostname="TCCOKLAP-5162" failures="0" tests="1" name="com.test.Debenture.AllScenarios_DebentureInterestAdj" time="123.310" errors="0" timestamp="2025-04-22T10:13:54 IST" skipped="0">
  <testcase classname="com.test.Debenture.AllScenarios_DebentureInterestAdj" name="newCustomer" time="123.310"/>
  <system-out/>
</testsuite> <!-- com.test.Debenture.AllScenarios_DebentureInterestAdj -->
