<?xml version="1.0" encoding="UTF-8"?>
<!-- Generated by org.testng.reporters.JUnitReportReporter -->
<testsuite hostname="SPCLTLAP-0350" failures="0" tests="1" name="com.test.OLTransaction.AllScenario_OL_Transaction_Closure_Cash_Transfer" time="296.634" errors="0" timestamp="2025-05-12T12:06:49 IST" skipped="0">
  <testcase classname="com.test.OLTransaction.AllScenario_OL_Transaction_Closure_Cash_Transfer" name="newCustomer" time="296.634"/>
</testsuite> <!-- com.test.OLTransaction.AllScenario_OL_Transaction_Closure_Cash_Transfer -->
