<?xml version="1.0" encoding="UTF-8"?>
<!-- Generated by org.testng.reporters.JUnitReportReporter -->
<testsuite hostname="SPTVMLAP-2124" failures="0" tests="1" name="com.test.Debenuture.AllScenarios_Debenture_DebentureRedemption_TRANSFER" time="174.794" errors="0" timestamp="2025-04-25T12:38:11 IST" skipped="0">
  <testcase classname="com.test.Debenuture.AllScenarios_Debenture_DebentureRedemption_TRANSFER" name="debentureRedemption_TRANSFER" time="174.794"/>
  <system-out/>
</testsuite> <!-- com.test.Debenuture.AllScenarios_Debenture_DebentureRedemption_TRANSFER -->
