<?xml version="1.0" encoding="UTF-8"?>
<!-- Generated by org.testng.reporters.JUnitReportReporter -->
<testsuite hostname="SPTVMLAP-2124" failures="0" tests="1" name="com.NBFC_CLS.AppLaunch" time="4.908" errors="0" timestamp="2024-11-18T17:12:26 IST" skipped="0">
  <testcase classname="com.NBFC_CLS.AppLaunch" name="launchApp" time="4.908"/>
  <system-out/>
</testsuite> <!-- com.NBFC_CLS.AppLaunch -->
