<?xml version="1.0" encoding="UTF-8"?>
<!-- Generated by org.testng.reporters.JUnitReportReporter -->
<testsuite hostname="SPCLTLAP-0350" failures="0" tests="1" name="com.test.Multiple_FixedDeposit.AllScenarios_Multi_MultiFD_Opening_Transfer" time="27.385" errors="0" timestamp="2025-05-22T20:07:51 IST" skipped="0">
  <testcase classname="com.test.Multiple_FixedDeposit.AllScenarios_Multi_MultiFD_Opening_Transfer" name="Multi_MultiFD_Opening_Transfer" time="27.385"/>
</testsuite> <!-- com.test.Multiple_FixedDeposit.AllScenarios_Multi_MultiFD_Opening_Transfer -->
