<?xml version="1.0" encoding="UTF-8"?>
<!-- Generated by org.testng.reporters.JUnitReportReporter -->
<testsuite hostname="SPTVMLAP-2124" failures="0" tests="1" name="com.test.Transaction.AllScenarios_Transaction_Transactions_Jewel" time="82.073" errors="0" timestamp="2025-03-05T16:24:05 IST" skipped="0">
  <testcase classname="com.test.Transaction.AllScenarios_Transaction_Transactions_Jewel" name="newCustomer" time="82.073"/>
  <system-out/>
</testsuite> <!-- com.test.Transaction.AllScenarios_Transaction_Transactions_Jewel -->
