<?xml version="1.0" encoding="UTF-8"?>
<!-- Generated by org.testng.reporters.JUnitReportReporter -->
<testsuite hostname="SPCLTLAP-0350" failures="0" tests="1" name="com.test.Others.AllSceanrios_Others_DataSharing_CollectionImporting_TRANSFER" time="452.204" errors="0" timestamp="2025-05-22T20:07:51 IST" skipped="0">
  <testcase classname="com.test.Others.AllSceanrios_Others_DataSharing_CollectionImporting_TRANSFER" name="collectionImporting_TRANSFER" time="452.204"/>
</testsuite> <!-- com.test.Others.AllSceanrios_Others_DataSharing_CollectionImporting_TRANSFER -->
