<?xml version="1.0" encoding="UTF-8"?>
<!-- Generated by org.testng.reporters.JUnitReportReporter -->
<testsuite hostname="SPCLTLAP-0319" failures="0" tests="1" name="com.test.BondTransfer.AllScenarios_BondTransfer" time="149.244" errors="0" timestamp="2025-04-22T16:04:44 IST" skipped="0">
  <testcase classname="com.test.BondTransfer.AllScenarios_BondTransfer" name="bondtransfer" time="149.244"/>
</testsuite> <!-- com.test.BondTransfer.AllScenarios_BondTransfer -->
