<?xml version="1.0" encoding="UTF-8"?>
<!-- Generated by org.testng.reporters.JUnitReportReporter -->
<testsuite hostname="SPCLTLAP-0350" failures="0" tests="1" name="com.test.JewelLoanClosure.AllScenario_JewelLoan_Closure_Cash_Transfer" time="897.536" errors="0" timestamp="2025-05-23T13:46:36 IST" skipped="0">
  <testcase classname="com.test.JewelLoanClosure.AllScenario_JewelLoan_Closure_Cash_Transfer" name="newCustomer" time="897.536"/>
</testsuite> <!-- com.test.JewelLoanClosure.AllScenario_JewelLoan_Closure_Cash_Transfer -->
