<?xml version="1.0" encoding="UTF-8"?>
<!-- Generated by org.testng.reporters.JUnitReportReporter -->
<testsuite hostname="SPCLTLAP-2427" failures="0" tests="1" name="com.test.Debentures.AllScenarios_Debentures_Debentureinterestpaymentcash" time="179.615" errors="0" timestamp="2025-04-25T15:44:37 IST" skipped="0">
  <testcase classname="com.test.Debentures.AllScenarios_Debentures_Debentureinterestpaymentcash" name="Debenture" time="179.615"/>
  <system-out/>
</testsuite> <!-- com.test.Debentures.AllScenarios_Debentures_Debentureinterestpaymentcash -->
