<?xml version="1.0" encoding="UTF-8"?>
<!-- Generated by org.testng.reporters.JUnitReportReporter -->
<testsuite hostname="SPTVMLAP-2124" failures="0" tests="1" name="com.test.Transaction.AllScenarios_OtherLoanTransaction_Charges_CASH" time="220.708" errors="0" timestamp="2025-03-21T13:18:07 IST" skipped="0">
  <testcase classname="com.test.Transaction.AllScenarios_OtherLoanTransaction_Charges_CASH" name="newCustomer" time="220.708"/>
  <system-out/>
</testsuite> <!-- com.test.Transaction.AllScenarios_OtherLoanTransaction_Charges_CASH -->
