<?xml version="1.0" encoding="UTF-8"?>
<!-- Generated by org.testng.reporters.JUnitReportReporter -->
<testsuite hostname="SPBLRLAP-2288" failures="0" tests="1" name="Debenture.Allscenaries_Debenture_Transfer" time="26.509" errors="0" timestamp="2025-04-16T15:16:22 IST" skipped="0">
  <testcase classname="Debenture.Allscenaries_Debenture_Transfer" name="newCustomer" time="26.509"/>
</testsuite> <!-- Debenture.Allscenaries_Debenture_Transfer -->
