<?xml version="1.0" encoding="UTF-8"?>
<!-- Generated by org.testng.reporters.JUnitReportReporter -->
<testsuite hostname="SPBLRLAP-611" failures="0" tests="1" name="com.test.AccountOpening.AllScenarios_Otherloanoping_documentsecurity_Transfer" time="144.975" errors="0" timestamp="2025-02-11T20:40:48 IST" skipped="0">
  <testcase classname="com.test.AccountOpening.AllScenarios_Otherloanoping_documentsecurity_Transfer" name="loanOpeningModule" time="144.975"/>
  <system-out/>
</testsuite> <!-- com.test.AccountOpening.AllScenarios_Otherloanoping_documentsecurity_Transfer -->
