<?xml version="1.0" encoding="UTF-8"?>
<!-- Generated by org.testng.reporters.JUnitReportReporter -->
<testsuite hostname="TCCOKLAP-5162" failures="0" tests="1" name="com.test.Others.AllScenarios_GLAccBulk_Trans_Impo_Cash" time="197.276" errors="0" timestamp="2025-04-09T11:29:40 IST" skipped="0">
  <testcase classname="com.test.Others.AllScenarios_GLAccBulk_Trans_Impo_Cash" name="newCustomer" time="197.276"/>
  <system-out/>
</testsuite> <!-- com.test.Others.AllScenarios_GLAccBulk_Trans_Impo_Cash -->
