<?xml version="1.0" encoding="UTF-8"?>
<!-- Generated by org.testng.reporters.JUnitReportReporter -->
<testsuite hostname="SPMUMLAP-4102" failures="0" tests="1" name="com.test.Agent_transfer.AllScenarios_Agent_Transfer" time="349.122" errors="0" timestamp="2025-03-27T09:38:07 IST" skipped="0">
  <testcase classname="com.test.Agent_transfer.AllScenarios_Agent_Transfer" name="newCustomer" time="349.122"/>
  <system-out/>
</testsuite> <!-- com.test.Agent_transfer.AllScenarios_Agent_Transfer -->
