<?xml version="1.0" encoding="UTF-8"?>
<!-- Generated by org.testng.reporters.JUnitReportReporter -->
<testsuite hostname="SPMUMLAP-4102" failures="0" tests="1" name="com.Bond_Issue.AllScenario_Bond_Issue" time="49.574" errors="0" timestamp="2025-04-15T09:39:21 IST" skipped="0">
  <testcase classname="com.Bond_Issue.AllScenario_Bond_Issue" name="newCustomer" time="49.574"/>
  <system-out/>
</testsuite> <!-- com.Bond_Issue.AllScenario_Bond_Issue -->
