<?xml version="1.0" encoding="UTF-8"?>
<!-- Generated by org.testng.reporters.JUnitReportReporter -->
<testsuite hostname="SPCLTLAP-0350" failures="0" tests="1" name="com.test.GroupLoans.AllScenarios_GroupLoans_GroupLoanCollection_CASH" time="184.663" errors="0" timestamp="2025-05-06T10:32:48 IST" skipped="0">
  <testcase classname="com.test.GroupLoans.AllScenarios_GroupLoans_GroupLoanCollection_CASH" name="groupLoanCollection_CASH" time="184.663"/>
</testsuite> <!-- com.test.GroupLoans.AllScenarios_GroupLoans_GroupLoanCollection_CASH -->
