<?xml version="1.0" encoding="UTF-8"?>
<!-- Generated by org.testng.reporters.JUnitReportReporter -->
<testsuite hostname="SPTVMLAP-2124" failures="0" tests="1" name="com.test.AccountOperations.AllScenarios_AccOpr_MembMang_MembMang_DEPOSIT" time="164.770" errors="0" timestamp="2025-03-24T15:44:58 IST" skipped="0">
  <testcase classname="com.test.AccountOperations.AllScenarios_AccOpr_MembMang_MembMang_DEPOSIT" name="newCustomer" time="164.770"/>
  <system-out/>
</testsuite> <!-- com.test.AccountOperations.AllScenarios_AccOpr_MembMang_MembMang_DEPOSIT -->
