<?xml version="1.0" encoding="UTF-8"?>
<!-- Generated by org.testng.reporters.JUnitReportReporter -->
<testsuite hostname="SPBLRLAP-2288" failures="0" tests="1" name="Debenture.Allscenaries_Debenture_series" time="183.444" errors="0" timestamp="2025-04-08T13:36:06 IST" skipped="0">
  <testcase classname="Debenture.Allscenaries_Debenture_series" name="newCustomer" time="183.444"/>
</testsuite> <!-- Debenture.Allscenaries_Debenture_series -->
