<?xml version="1.0" encoding="UTF-8"?>
<!-- Generated by org.testng.reporters.JUnitReportReporter -->
<testsuite hostname="SPCLTLAP-2427" failures="0" tests="1" name="com.test.Customer.AllScenarios_Cust_CustRegister" time="212.373" errors="0" timestamp="2025-04-11T10:52:48 IST" skipped="0">
  <testcase classname="com.test.Customer.AllScenarios_Cust_CustRegister" name="customerRegister" time="212.373"/>
  <system-out/>
</testsuite> <!-- com.test.Customer.AllScenarios_Cust_CustRegister -->
