<?xml version="1.0" encoding="UTF-8"?>
<!-- Generated by org.testng.reporters.JUnitReportReporter -->
<testsuite hostname="SPMUMLAP-4102" failures="0" tests="1" name="com.test.JewelLoanClosure.AllScenario_JewelLoan_Cash_Transfer" time="242.788" errors="0" timestamp="2025-03-10T11:08:20 IST" skipped="0">
  <testcase classname="com.test.JewelLoanClosure.AllScenario_JewelLoan_Cash_Transfer" name="newCustomer" time="242.788"/>
  <system-out/>
</testsuite> <!-- com.test.JewelLoanClosure.AllScenario_JewelLoan_Cash_Transfer -->
