<?xml version="1.0" encoding="UTF-8"?>
<!-- Generated by org.testng.reporters.JUnitReportReporter -->
<testsuite hostname="SPBLRLAP-2288" failures="0" tests="1" name="com.test.Grouploans.AllScenarios_Centre_Registration" time="94.826" errors="0" timestamp="2025-04-10T10:38:11 IST" skipped="0">
  <testcase classname="com.test.Grouploans.AllScenarios_Centre_Registration" name="newCustomer" time="94.826"/>
</testsuite> <!-- com.test.Grouploans.AllScenarios_Centre_Registration -->
