<?xml version="1.0" encoding="UTF-8"?>
<!-- Generated by org.testng.reporters.JUnitReportReporter -->
<testsuite hostname="SPTVMLAP-2124" failures="0" tests="1" name="com.test.GroupLoans.AllScenarios_GroupLoans_GroupLoanApplication" time="108.587" errors="0" timestamp="2025-04-09T10:31:38 IST" skipped="0">
  <testcase classname="com.test.GroupLoans.AllScenarios_GroupLoans_GroupLoanApplication" name="groupLoanApplication" time="108.587"/>
  <system-out/>
</testsuite> <!-- com.test.GroupLoans.AllScenarios_GroupLoans_GroupLoanApplication -->
