<?xml version="1.0" encoding="UTF-8"?>
<!-- Generated by org.testng.reporters.JUnitReportReporter -->
<testsuite hostname="SPMUMLAP-0050" failures="0" tests="1" name="com.test.Customer.AllScenarios_Cust_AccountOpening_FixedDeposit" time="568.223" errors="0" timestamp="2025-02-05T17:23:44 IST" skipped="0">
  <testcase classname="com.test.Customer.AllScenarios_Cust_AccountOpening_FixedDeposit" name="customerRegister" time="568.223"/>
  <system-out/>
</testsuite> <!-- com.test.Customer.AllScenarios_Cust_AccountOpening_FixedDeposit -->
