<?xml version="1.0" encoding="UTF-8"?>
<!-- Generated by org.testng.reporters.JUnitReportReporter -->
<testsuite hostname="SPCLTLAP-0350" failures="0" tests="1" name="com.test.AccountOpening.AllScenarios_AccOpn_GeneralOpn_SuspenseAsset_TRANSFER" time="431.756" errors="0" timestamp="2025-05-22T20:07:52 IST" skipped="0">
  <testcase classname="com.test.AccountOpening.AllScenarios_AccOpn_GeneralOpn_SuspenseAsset_TRANSFER" name="newCustomer" time="431.756"/>
</testsuite> <!-- com.test.AccountOpening.AllScenarios_AccOpn_GeneralOpn_SuspenseAsset_TRANSFER -->
