<?xml version="1.0" encoding="UTF-8"?>
<!-- Generated by org.testng.reporters.JUnitReportReporter -->
<testsuite hostname="SPMUMLAP-4102" failures="0" tests="1" name="com.test.SusAssetTransaction_Cash_Transfer.AllScenario_SusAssetTransaction_Cash_Transfer" time="173.887" errors="0" timestamp="2025-03-19T11:36:25 IST" skipped="0">
  <testcase classname="com.test.SusAssetTransaction_Cash_Transfer.AllScenario_SusAssetTransaction_Cash_Transfer" name="newCustomer" time="173.887"/>
  <system-out/>
</testsuite> <!-- com.test.SusAssetTransaction_Cash_Transfer.AllScenario_SusAssetTransaction_Cash_Transfer -->
