<?xml version="1.0" encoding="UTF-8"?>
<!-- Generated by org.testng.reporters.JUnitReportReporter -->
<testsuite hostname="SPTVMLAP-2124" failures="0" tests="1" name="com.test.Transaction.AllScenarios_Transaction_Transactions_Jewel_TRANSFER" time="187.843" errors="0" timestamp="2025-03-17T11:29:48 IST" skipped="0">
  <testcase classname="com.test.Transaction.AllScenarios_Transaction_Transactions_Jewel_TRANSFER" name="newCustomer" time="187.843"/>
  <system-out/>
</testsuite> <!-- com.test.Transaction.AllScenarios_Transaction_Transactions_Jewel_TRANSFER -->
