<?xml version="1.0" encoding="UTF-8"?>
<!-- Generated by org.testng.reporters.JUnitReportReporter -->
<testsuite hostname="SPMUMLAP-4102" failures="0" tests="1" name="com.MultipleFD_Intrest_Payment_Cash_Transfer.AllScenarios_Multiple_FD_Intrest_Payment_Cash_and_Transfer" time="904.136" errors="0" timestamp="2025-04-21T11:36:36 IST" skipped="0">
  <testcase classname="com.MultipleFD_Intrest_Payment_Cash_Transfer.AllScenarios_Multiple_FD_Intrest_Payment_Cash_and_Transfer" name="newCustomer" time="904.136"/>
  <system-out/>
</testsuite> <!-- com.MultipleFD_Intrest_Payment_Cash_Transfer.AllScenarios_Multiple_FD_Intrest_Payment_Cash_and_Transfer -->
