<?xml version="1.0" encoding="UTF-8"?>
<!-- Generated by org.testng.reporters.JUnitReportReporter -->
<testsuite hostname="SPTVMLAP-2631" failures="0" tests="1" name="com.test.Admin.AllScenario_Admin_Debenture_Issue_Setting" time="130.165" errors="0" timestamp="2025-04-03T19:01:23 IST" skipped="0">
  <testcase classname="com.test.Admin.AllScenario_Admin_Debenture_Issue_Setting" name="customerRegister" time="130.165"/>
  <system-out/>
</testsuite> <!-- com.test.Admin.AllScenario_Admin_Debenture_Issue_Setting -->
