<?xml version="1.0" encoding="UTF-8"?>
<!-- Generated by org.testng.reporters.JUnitReportReporter -->
<testsuite hostname="SPCLTLAP-2427" failures="0" tests="2" name="com.test.Customer.AllScenarios_Cust_CustSearch" time="35.962" errors="0" timestamp="2025-04-11T10:43:46 IST" skipped="0">
  <testcase classname="com.test.Customer.AllScenarios_Cust_CustSearch" name="customerSearch" time="0.001"/>
  <system-out/>
  <testcase classname="com.test.Customer.AllScenarios_Cust_CustSearch" name="customerSearch" time="35.961"/>
  <system-out/>
</testsuite> <!-- com.test.Customer.AllScenarios_Cust_CustSearch -->
