<?xml version="1.0" encoding="UTF-8"?>
<!-- Generated by org.testng.reporters.JUnitReportReporter -->
<testsuite hostname="SPTVMLAP-2631" failures="0" tests="1" name="com.test.Admin.Allscenarios_Admin_Debenture_Type_Setting" time="141.817" errors="0" timestamp="2025-04-03T11:10:17 IST" skipped="0">
  <testcase classname="com.test.Admin.Allscenarios_Admin_Debenture_Type_Setting" name="customerRegister" time="141.817"/>
  <system-out/>
</testsuite> <!-- com.test.Admin.Allscenarios_Admin_Debenture_Type_Setting -->
