<?xml version="1.0" encoding="UTF-8"?>
<!-- Generated by org.testng.reporters.JUnitReportReporter -->
<testsuite hostname="SPTVMLAP-2124" failures="0" tests="1" name="com.test.AccountOpening.AllScenarios_AccOpn_LoanOpn_DepoOpn_DepoLoan_CASH" time="507.211" errors="0" timestamp="2025-03-04T12:22:45 IST" skipped="0">
  <testcase classname="com.test.AccountOpening.AllScenarios_AccOpn_LoanOpn_DepoOpn_DepoLoan_CASH" name="newCustomer" time="507.211"/>
  <system-out/>
</testsuite> <!-- com.test.AccountOpening.AllScenarios_AccOpn_LoanOpn_DepoOpn_DepoLoan_CASH -->
