<?xml version="1.0" encoding="UTF-8"?>
<!-- Generated by org.testng.reporters.JUnitReportReporter -->
<testsuite hostname="SPTVMLAP-2124" failures="0" tests="1" name="com.test.Transaction.AllScenarios_Transaction_Transactions_Jewel_CASH" time="182.148" errors="0" timestamp="2025-03-17T11:25:56 IST" skipped="0">
  <testcase classname="com.test.Transaction.AllScenarios_Transaction_Transactions_Jewel_CASH" name="newCustomer" time="182.148"/>
  <system-out/>
</testsuite> <!-- com.test.Transaction.AllScenarios_Transaction_Transactions_Jewel_CASH -->
