<?xml version="1.0" encoding="UTF-8"?>
<!-- Generated by org.testng.reporters.JUnitReportReporter -->
<testsuite hostname="SPCLTLAP-0350" failures="0" tests="1" name="com.test.Customer.AllScenarios_Cust_CustRating" time="216.738" errors="0" timestamp="2025-05-07T12:06:57 IST" skipped="0">
  <testcase classname="com.test.Customer.AllScenarios_Cust_CustRating" name="customerRating" time="216.738"/>
</testsuite> <!-- com.test.Customer.AllScenarios_Cust_CustRating -->
