<?xml version="1.0" encoding="UTF-8"?>
<!-- Generated by org.testng.reporters.JUnitReportReporter -->
<testsuite hostname="SPMUMLAP-4102" failures="0" tests="1" name="com.test.AccountOpening.AllScenarios_AccOpn_LoanOpn_JewelLoan_GoldLoan" time="80.489" errors="0" timestamp="2025-02-27T16:04:26 IST" skipped="0">
  <testcase classname="com.test.AccountOpening.AllScenarios_AccOpn_LoanOpn_JewelLoan_GoldLoan" name="newCustomer" time="80.489"/>
  <system-out/>
</testsuite> <!-- com.test.AccountOpening.AllScenarios_AccOpn_LoanOpn_JewelLoan_GoldLoan -->
