<?xml version="1.0" encoding="UTF-8"?>
<!-- Generated by org.testng.reporters.JUnitReportReporter -->
<testsuite hostname="SPTVMLAP-2124" failures="0" tests="1" name="com.test.Admin.AllScenarios_Bond_BondConfiguration" time="107.884" errors="0" timestamp="2025-04-03T17:50:44 IST" skipped="0">
  <testcase classname="com.test.Admin.AllScenarios_Bond_BondConfiguration" name="bondConfiguration" time="107.884"/>
  <system-out/>
</testsuite> <!-- com.test.Admin.AllScenarios_Bond_BondConfiguration -->
