<?xml version="1.0" encoding="UTF-8"?>
<!-- Generated by org.testng.reporters.JUnitReportReporter -->
<testsuite hostname="SPTVMLAP-2124" failures="0" tests="1" name="com.test.Customer.AllScenarios_Cust_NewCustomer" time="1487.149" errors="0" timestamp="2025-02-13T17:49:15 IST" skipped="0">
  <testcase classname="com.test.Customer.AllScenarios_Cust_NewCustomer" name="newCustomer" time="1487.149"/>
  <system-out/>
</testsuite> <!-- com.test.Customer.AllScenarios_Cust_NewCustomer -->
