<?xml version="1.0" encoding="UTF-8"?>
<!-- Generated by org.testng.reporters.JUnitReportReporter -->
<testsuite hostname="SPTVMLAP-2124" failures="0" tests="1" name="com.test.GroupLoans.AllScenarios_GroupLoans_CentreGroupRegistration" time="119.125" errors="0" timestamp="2025-04-11T10:43:24 IST" skipped="0">
  <testcase classname="com.test.GroupLoans.AllScenarios_GroupLoans_CentreGroupRegistration" name="centreGroupRegistration" time="119.125"/>
  <system-out/>
</testsuite> <!-- com.test.GroupLoans.AllScenarios_GroupLoans_CentreGroupRegistration -->
