<?xml version="1.0" encoding="UTF-8"?>
<!-- Generated by org.testng.reporters.JUnitReportReporter -->
<testsuite hostname="SPCLTLAP-0319" failures="0" tests="1" name="GL_Account_Transaction_Module.AllScenarios_GL_Account_Transaction_Transfer" time="240.568" errors="0" timestamp="2025-04-29T15:15:23 IST" skipped="0">
  <testcase classname="GL_Account_Transaction_Module.AllScenarios_GL_Account_Transaction_Transfer" name="Loan_Closure_Cash" time="240.568"/>
</testsuite> <!-- GL_Account_Transaction_Module.AllScenarios_GL_Account_Transaction_Transfer -->
