<?xml version="1.0" encoding="UTF-8"?>
<!-- Generated by org.testng.reporters.JUnitReportReporter -->
<testsuite hostname="SPMUMLAP-043" failures="0" tests="1" name="com.test.Day_Begin_Module.AllScenarios_Day_Begin" time="67.472" errors="0" timestamp="2025-04-04T14:04:10 IST" skipped="0">
  <testcase classname="com.test.Day_Begin_Module.AllScenarios_Day_Begin" name="Loan_Closure_Cash" time="67.472"/>
</testsuite> <!-- com.test.Day_Begin_Module.AllScenarios_Day_Begin -->
