<?xml version="1.0" encoding="UTF-8"?>
<!-- Generated by org.testng.reporters.JUnitReportReporter -->
<testsuite hostname="SPMUMLAP-4102" failures="0" tests="1" name="com.test.GeneralOpening.AllScenario_GeneralOpen_Cash_Transfer" time="198.326" errors="0" timestamp="2025-03-12T11:24:14 IST" skipped="0">
  <testcase classname="com.test.GeneralOpening.AllScenario_GeneralOpen_Cash_Transfer" name="newCustomer" time="198.326"/>
  <system-out/>
</testsuite> <!-- com.test.GeneralOpening.AllScenario_GeneralOpen_Cash_Transfer -->
