<?xml version="1.0" encoding="UTF-8"?>
<!-- Generated by org.testng.reporters.JUnitReportReporter -->
<testsuite hostname="SPMUMLAP-043" failures="0" tests="1" name="com.test.Customer.AllScenarios_Cust_CustRegister" time="0.150" errors="0" timestamp="2025-02-03T17:20:19 IST" skipped="0">
  <testcase classname="com.test.Customer.AllScenarios_Cust_CustRegister" name="customerRegister" time="0.150"/>
</testsuite> <!-- com.test.Customer.AllScenarios_Cust_CustRegister -->
