<?xml version="1.0" encoding="UTF-8"?>
<!-- Generated by org.testng.reporters.JUnitReportReporter -->
<testsuite hostname="SPMUMLAP-043" failures="0" tests="1" name="Jewel_Loan_Transcharge_Module.AllScenarios_Jewel_Loan_Transcharge_Cash" time="230.474" errors="0" timestamp="2025-03-11T17:51:55 IST" skipped="0">
  <testcase classname="Jewel_Loan_Transcharge_Module.AllScenarios_Jewel_Loan_Transcharge_Cash" name="Loan_Closure_Cash" time="230.474"/>
</testsuite> <!-- Jewel_Loan_Transcharge_Module.AllScenarios_Jewel_Loan_Transcharge_Cash -->
