<?xml version="1.0" encoding="UTF-8"?>
<!-- Generated by org.testng.reporters.JUnitReportReporter -->
<testsuite hostname="SPMUMLAP-043" failures="0" tests="1" name="Jewel_Loan_Transcharge_Module.AllScenarios_Jewel_Loan_Transcharge_Cash" time="230.869" errors="0" timestamp="2025-03-18T17:42:45 IST" skipped="0">
  <testcase classname="Jewel_Loan_Transcharge_Module.AllScenarios_Jewel_Loan_Transcharge_Cash" name="Loan_Closure_Cash" time="230.869"/>
</testsuite> <!-- Jewel_Loan_Transcharge_Module.AllScenarios_Jewel_Loan_Transcharge_Cash -->
