<?xml version="1.0" encoding="UTF-8"?>
<!-- Generated by org.testng.reporters.JUnitReportReporter -->
<testsuite hostname="SPTVMLAP-2124" failures="0" tests="1" name="com.test.AccountOpening.AllScenarios_AccOpn_LoanOpn_LoanAndAdvan_PersnlLoanWeekly" time="602.411" errors="0" timestamp="2025-02-20T01:08:31 IST" skipped="0">
  <testcase classname="com.test.AccountOpening.AllScenarios_AccOpn_LoanOpn_LoanAndAdvan_PersnlLoanWeekly" name="newCustomer" time="602.411"/>
  <system-out/>
</testsuite> <!-- com.test.AccountOpening.AllScenarios_AccOpn_LoanOpn_LoanAndAdvan_PersnlLoanWeekly -->
