<?xml version="1.0" encoding="UTF-8"?>
<!-- Generated by org.testng.reporters.JUnitReportReporter -->
<testsuite hostname="SPCLTLAP-0350" failures="0" tests="1" name="com.MultipleFD_Intrest_Payment_Cash_Transfer.AllScenarios_Multiple_FD_Intrest_Payment_Cash_and_Transfer" time="1421.918" errors="0" timestamp="2025-05-13T10:48:40 IST" skipped="0">
  <testcase classname="com.MultipleFD_Intrest_Payment_Cash_Transfer.AllScenarios_Multiple_FD_Intrest_Payment_Cash_and_Transfer" name="newCustomer" time="1421.918"/>
</testsuite> <!-- com.MultipleFD_Intrest_Payment_Cash_Transfer.AllScenarios_Multiple_FD_Intrest_Payment_Cash_and_Transfer -->
