<?xml version="1.0" encoding="UTF-8"?>
<!-- Generated by org.testng.reporters.JUnitReportReporter -->
<testsuite hostname="SPTVMLAP-2124" failures="0" tests="1" name="com.test.Transaction.AllScenarios_Transaction_LoanCollectionTransfer" time="141.575" errors="0" timestamp="2025-04-04T16:10:07 IST" skipped="0">
  <testcase classname="com.test.Transaction.AllScenarios_Transaction_LoanCollectionTransfer" name="loanCollectionTransfer" time="141.575"/>
  <system-out/>
</testsuite> <!-- com.test.Transaction.AllScenarios_Transaction_LoanCollectionTransfer -->
