<?xml version="1.0" encoding="UTF-8"?>
<!-- Generated by org.testng.reporters.JUnitReportReporter -->
<testsuite hostname="SPTVMLAP-2124" failures="0" tests="1" name="com.test.AccountOpening.AllScenarios_AccOpn_ShareOpn_AClassShare_TRANSFER" time="201.179" errors="0" timestamp="2025-03-12T10:13:48 IST" skipped="0">
  <testcase classname="com.test.AccountOpening.AllScenarios_AccOpn_ShareOpn_AClassShare_TRANSFER" name="newCustomer" time="201.179"/>
  <system-out/>
</testsuite> <!-- com.test.AccountOpening.AllScenarios_AccOpn_ShareOpn_AClassShare_TRANSFER -->
