<?xml version="1.0" encoding="UTF-8"?>
<!-- Generated by org.testng.reporters.JUnitReportReporter -->
<testsuite hostname="SPMUMLAP-4102" failures="0" tests="1" name="com.test.Bond_Application.AllScenarios_Bond_Application" time="245.644" errors="0" timestamp="2025-04-07T16:32:41 IST" skipped="0">
  <testcase classname="com.test.Bond_Application.AllScenarios_Bond_Application" name="newCustomer" time="245.644"/>
  <system-out/>
</testsuite> <!-- com.test.Bond_Application.AllScenarios_Bond_Application -->
