<?xml version="1.0" encoding="UTF-8"?>
<!-- Generated by org.testng.reporters.JUnitReportReporter -->
<testsuite hostname="SPCLTLAP-0350" failures="0" tests="1" name="com.test.Share_Transfer_Module.AllScenarios_Share_Transfer" time="30.049" errors="0" timestamp="2025-05-22T20:07:52 IST" skipped="0">
  <testcase classname="com.test.Share_Transfer_Module.AllScenarios_Share_Transfer" name="Loan_Closure_Cash" time="30.049"/>
</testsuite> <!-- com.test.Share_Transfer_Module.AllScenarios_Share_Transfer -->
