<?xml version="1.0" encoding="UTF-8"?>
<!-- Generated by org.testng.reporters.JUnitReportReporter -->
<testsuite hostname="SPCLTLAP-0350" failures="0" tests="1" name="com.test.Admin.AllScenarios_Bond_BondConfiguration" time="112.879" errors="0" timestamp="2025-05-22T20:07:51 IST" skipped="0">
  <testcase classname="com.test.Admin.AllScenarios_Bond_BondConfiguration" name="bondConfiguration" time="112.879"/>
</testsuite> <!-- com.test.Admin.AllScenarios_Bond_BondConfiguration -->
