<?xml version="1.0" encoding="UTF-8"?>
<!-- Generated by org.testng.reporters.JUnitReportReporter -->
<testsuite hostname="SPCLTLAP-0350" failures="0" tests="1" name="com.test.AccountOpening.AllScenarios_AccOpn_LoanOpn_DepoOpn_DepoLoan_CASH" time="543.741" errors="0" timestamp="2025-05-22T21:34:48 IST" skipped="0">
  <testcase classname="com.test.AccountOpening.AllScenarios_AccOpn_LoanOpn_DepoOpn_DepoLoan_CASH" name="newCustomer" time="543.741"/>
</testsuite> <!-- com.test.AccountOpening.AllScenarios_AccOpn_LoanOpn_DepoOpn_DepoLoan_CASH -->
