<?xml version="1.0" encoding="UTF-8"?>
<!-- Generated by org.testng.reporters.JUnitReportReporter -->
<testsuite hostname="SPTVMLAP-2124" failures="0" tests="1" name="com.test.AccountOpening.AllScenarios_AccOpn_GeneralOpn_SuspenseAsset_TRANSFER" time="190.979" errors="0" timestamp="2025-03-04T15:28:39 IST" skipped="0">
  <testcase classname="com.test.AccountOpening.AllScenarios_AccOpn_GeneralOpn_SuspenseAsset_TRANSFER" name="newCustomer" time="190.979"/>
  <system-out/>
</testsuite> <!-- com.test.AccountOpening.AllScenarios_AccOpn_GeneralOpn_SuspenseAsset_TRANSFER -->
