<?xml version="1.0" encoding="UTF-8"?>
<!-- Generated by org.testng.reporters.JUnitReportReporter -->
<testsuite hostname="SPCLTLAP-0350" failures="0" tests="1" name="com.test.SusAssetTransaction_Cash_Transfer.AllScenario_SusAssetTransaction_Cash_Transfer" time="553.008" errors="0" timestamp="2025-05-23T15:12:36 IST" skipped="0">
  <testcase classname="com.test.SusAssetTransaction_Cash_Transfer.AllScenario_SusAssetTransaction_Cash_Transfer" name="newCustomer" time="553.008"/>
</testsuite> <!-- com.test.SusAssetTransaction_Cash_Transfer.AllScenario_SusAssetTransaction_Cash_Transfer -->
