<?xml version="1.0" encoding="UTF-8"?>
<!-- Generated by org.testng.reporters.JUnitReportReporter -->
<testsuite hostname="SPTVMLAP-2124" failures="0" tests="1" name="com.test.AccountOpening.AllScenarios_AccOpn_LoanOpn_JewelLoan_GoldLoan" time="430.258" errors="0" timestamp="2025-02-23T21:07:28 IST" skipped="0">
  <testcase classname="com.test.AccountOpening.AllScenarios_AccOpn_LoanOpn_JewelLoan_GoldLoan" name="newCustomer" time="430.258"/>
  <system-out/>
</testsuite> <!-- com.test.AccountOpening.AllScenarios_AccOpn_LoanOpn_JewelLoan_GoldLoan -->
