<?xml version="1.0" encoding="UTF-8"?>
<!-- Generated by org.testng.reporters.JUnitReportReporter -->
<testsuite hostname="SPTVMLAP-2124" failures="0" tests="1" name="com.test.Debentures.AllScenarios_Debentures_Debentureinterestpaymentcash" time="121.000" errors="0" timestamp="2025-04-30T13:38:28 IST" skipped="0">
  <testcase classname="com.test.Debentures.AllScenarios_Debentures_Debentureinterestpaymentcash" name="Debenture" time="121.000"/>
  <system-out/>
</testsuite> <!-- com.test.Debentures.AllScenarios_Debentures_Debentureinterestpaymentcash -->
