<?xml version="1.0" encoding="UTF-8"?>
<!-- Generated by org.testng.reporters.JUnitReportReporter -->
<testsuite hostname="SPCLTLAP-0350" failures="0" tests="1" name="com.test.GroupLoans.AllScenarios_GroupLoans_GroupLoanCollection_CASH" time="307.945" errors="0" timestamp="2025-05-23T11:21:51 IST" skipped="0">
  <testcase classname="com.test.GroupLoans.AllScenarios_GroupLoans_GroupLoanCollection_CASH" name="groupLoanCollection_CASH" time="307.945"/>
</testsuite> <!-- com.test.GroupLoans.AllScenarios_GroupLoans_GroupLoanCollection_CASH -->
