<?xml version="1.0" encoding="UTF-8"?>
<!-- Generated by org.testng.reporters.JUnitReportReporter -->
<testsuite hostname="SPCLTLAP-0350" failures="0" tests="1" name="com.test.Transaction.AllScenarios_Transaction_SusLiability_Transaction_Cash" time="313.920" errors="0" timestamp="2025-05-08T16:02:58 IST" skipped="0">
  <testcase classname="com.test.Transaction.AllScenarios_Transaction_SusLiability_Transaction_Cash" name="newCustomer" time="313.920"/>
</testsuite> <!-- com.test.Transaction.AllScenarios_Transaction_SusLiability_Transaction_Cash -->
