<?xml version="1.0" encoding="UTF-8"?>
<!-- Generated by org.testng.reporters.JUnitReportReporter -->
<testsuite hostname="SPCLTLAP-0350" failures="0" tests="1" name="com.test.Customer.AllScenarios_Cust_NewCustomer" time="1762.142" errors="0" timestamp="2025-05-22T20:07:52 IST" skipped="0">
  <testcase classname="com.test.Customer.AllScenarios_Cust_NewCustomer" name="newCustomer" time="1762.142"/>
</testsuite> <!-- com.test.Customer.AllScenarios_Cust_NewCustomer -->
