<?xml version="1.0" encoding="UTF-8"?>
<!-- Generated by org.testng.reporters.JUnitReportReporter -->
<testsuite hostname="SPBLRLAP-2288" failures="0" tests="1" name="com.test.AccountOpening.AllScenarios_AccOpn_Investment_Opening_Cash" time="283.697" errors="0" timestamp="2025-04-17T11:00:46 IST" skipped="0">
  <testcase classname="com.test.AccountOpening.AllScenarios_AccOpn_Investment_Opening_Cash" name="newCustomer" time="283.697"/>
</testsuite> <!-- com.test.AccountOpening.AllScenarios_AccOpn_Investment_Opening_Cash -->
