<?xml version="1.0" encoding="UTF-8"?>
<!-- Generated by org.testng.reporters.JUnitReportReporter -->
<testsuite hostname="SPCLTLAP-0350" failures="0" tests="1" name="com.test.Bond_Application.AllScenarios_Bond_Application" time="255.075" errors="0" timestamp="2025-05-12T20:39:56 IST" skipped="0">
  <testcase classname="com.test.Bond_Application.AllScenarios_Bond_Application" name="newCustomer" time="255.075"/>
</testsuite> <!-- com.test.Bond_Application.AllScenarios_Bond_Application -->
