<?xml version="1.0" encoding="UTF-8"?>
<!-- Generated by org.testng.reporters.JUnitReportReporter -->
<testsuite hostname="SPBLRLAP-611" failures="0" tests="1" name="com.test.AccountOpening.AllScenarios_Otherloanopening_jewelsecurity" time="376.334" errors="0" timestamp="2025-02-15T13:00:42 IST" skipped="0">
  <testcase classname="com.test.AccountOpening.AllScenarios_Otherloanopening_jewelsecurity" name="loanOpeningModule" time="376.334"/>
  <system-out/>
</testsuite> <!-- com.test.AccountOpening.AllScenarios_Otherloanopening_jewelsecurity -->
