<?xml version="1.0" encoding="UTF-8"?>
<!-- Generated by org.testng.reporters.JUnitReportReporter -->
<testsuite hostname="SPTVMLAP-2631" failures="0" tests="1" name="com.test.Customer.AllScenarios_Cust_AccountOpening_FixedDeposit" time="585.252" errors="0" timestamp="2025-04-29T11:37:28 IST" skipped="0">
  <testcase classname="com.test.Customer.AllScenarios_Cust_AccountOpening_FixedDeposit" name="customerRegister" time="585.252"/>
  <system-out/>
</testsuite> <!-- com.test.Customer.AllScenarios_Cust_AccountOpening_FixedDeposit -->
