<?xml version="1.0" encoding="UTF-8"?>
<!-- Generated by org.testng.reporters.JUnitReportReporter -->
<testsuite hostname="SPTVMLAP-2124" failures="0" tests="2" name="com.test.Customer.AllScenarios_Cust_CustSearch" time="1512.242" errors="0" timestamp="2025-02-03T15:31:53 IST" skipped="0">
  <testcase classname="com.test.Customer.AllScenarios_Cust_CustSearch" name="customerSearch" time="1512.241"/>
  <system-out/>
  <testcase classname="com.test.Customer.AllScenarios_Cust_CustSearch" name="customerSearch" time="0.001"/>
  <system-out/>
</testsuite> <!-- com.test.Customer.AllScenarios_Cust_CustSearch -->
