<?xml version="1.0" encoding="UTF-8"?>
<!-- Generated by org.testng.reporters.JUnitReportReporter -->
<testsuite hostname="SPCLTLAP-0350" failures="0" tests="1" name="GL_Account_Transaction_Module.AllScenarios_GL_Account_Transaction_Transfer" time="239.458" errors="0" timestamp="2025-05-09T22:46:39 IST" skipped="0">
  <testcase classname="GL_Account_Transaction_Module.AllScenarios_GL_Account_Transaction_Transfer" name="Loan_Closure_Cash" time="239.458"/>
</testsuite> <!-- GL_Account_Transaction_Module.AllScenarios_GL_Account_Transaction_Transfer -->
