<?xml version="1.0" encoding="UTF-8"?>
<!-- Generated by org.testng.reporters.JUnitReportReporter -->
<testsuite hostname="SPTVMLAP-2124" failures="0" tests="1" name="com.test.Customer.AllScenarios_Cust_QuickCustomer" time="1009.343" errors="0" timestamp="2025-01-08T12:58:37 IST" skipped="0">
  <testcase classname="com.test.Customer.AllScenarios_Cust_QuickCustomer" name="quickCustomer" time="1009.343"/>
  <system-out/>
</testsuite> <!-- com.test.Customer.AllScenarios_Cust_QuickCustomer -->
