<?xml version="1.0" encoding="UTF-8"?>
<!-- Generated by org.testng.reporters.JUnitReportReporter -->
<testsuite hostname="SPTVMLAP-2631" failures="0" tests="1" name="com.test.AccountOpening.Allscenarios_Accopen_Loan_ACOPL_Twowheelers_Transfer" time="513.592" errors="0" timestamp="2025-04-28T11:40:02 IST" skipped="0">
  <testcase classname="com.test.AccountOpening.Allscenarios_Accopen_Loan_ACOPL_Twowheelers_Transfer" name="customerRegister" time="513.592"/>
  <system-out/>
</testsuite> <!-- com.test.AccountOpening.Allscenarios_Accopen_Loan_ACOPL_Twowheelers_Transfer -->
