<?xml version="1.0" encoding="UTF-8"?>
<!-- Generated by org.testng.reporters.JUnitReportReporter -->
<testsuite hostname="SPCLTLAP-0350" failures="0" tests="1" name="com.test.GeneralOpening.AllScenario_GeneralOpen_Cash_Transfer" time="299.469" errors="0" timestamp="2025-05-12T22:22:41 IST" skipped="0">
  <testcase classname="com.test.GeneralOpening.AllScenario_GeneralOpen_Cash_Transfer" name="newCustomer" time="299.469"/>
</testsuite> <!-- com.test.GeneralOpening.AllScenario_GeneralOpen_Cash_Transfer -->
