<?xml version="1.0" encoding="UTF-8"?>
<!-- Generated by org.testng.reporters.JUnitReportReporter -->
<testsuite hostname="SPCLTLAP-0350" failures="0" tests="1" name="com.test.Multiple_FixedDeposit.AllScenarios_Multi_MultiFD_Opening_Transfer" time="547.513" errors="0" timestamp="2025-05-09T14:11:18 IST" skipped="0">
  <testcase classname="com.test.Multiple_FixedDeposit.AllScenarios_Multi_MultiFD_Opening_Transfer" name="Multi_MultiFD_Opening_Transfer" time="547.513"/>
</testsuite> <!-- com.test.Multiple_FixedDeposit.AllScenarios_Multi_MultiFD_Opening_Transfer -->
