<?xml version="1.0" encoding="UTF-8"?>
<!-- Generated by org.testng.reporters.JUnitReportReporter -->
<testsuite hostname="SPTVMLAP-2124" failures="0" tests="1" name="com.test.Others.AllSceanrios_Others_DataSharing_CollectionImporting_CASH" time="195.969" errors="0" timestamp="2025-03-27T15:59:32 IST" skipped="0">
  <testcase classname="com.test.Others.AllSceanrios_Others_DataSharing_CollectionImporting_CASH" name="newCustomer" time="195.969"/>
  <system-out/>
</testsuite> <!-- com.test.Others.AllSceanrios_Others_DataSharing_CollectionImporting_CASH -->
