<?xml version="1.0" encoding="UTF-8"?>
<!-- Generated by org.testng.reporters.JUnitReportReporter -->
<testsuite hostname="SPTVMLAP-2124" failures="0" tests="1" name="com.test.Customer.AllScenarios_Cust_QuickCustomer" time="816.745" errors="0" timestamp="2025-01-03T12:06:33 IST" skipped="0">
  <testcase classname="com.test.Customer.AllScenarios_Cust_QuickCustomer" name="quickCustomer" time="816.745"/>
  <system-out/>
</testsuite> <!-- com.test.Customer.AllScenarios_Cust_QuickCustomer -->
