<?xml version="1.0" encoding="UTF-8"?>
<!-- Generated by org.testng.reporters.JUnitReportReporter -->
<testsuite hostname="SPMUMLAP-4102" failures="0" tests="1" name="com.test.GeneralOpening.AllScenario_GeneralOpen_Cash_Transfer" time="341.262" errors="0" timestamp="2025-03-03T10:38:06 IST" skipped="0">
  <testcase classname="com.test.GeneralOpening.AllScenario_GeneralOpen_Cash_Transfer" name="newCustomer" time="341.262"/>
  <system-out/>
</testsuite> <!-- com.test.GeneralOpening.AllScenario_GeneralOpen_Cash_Transfer -->
