<?xml version="1.0" encoding="UTF-8"?>
<!-- Generated by org.testng.reporters.JUnitReportReporter -->
<testsuite hostname="SPTVMLAP-2124" failures="0" tests="1" name="com.test.GroupLoans.AllScenarios_GroupLoans_GroupLoanCollection_CASH" time="175.463" errors="0" timestamp="2025-04-17T15:27:05 IST" skipped="0">
  <testcase classname="com.test.GroupLoans.AllScenarios_GroupLoans_GroupLoanCollection_CASH" name="groupLoanCollection_CASH" time="175.463"/>
  <system-out/>
</testsuite> <!-- com.test.GroupLoans.AllScenarios_GroupLoans_GroupLoanCollection_CASH -->
