<?xml version="1.0" encoding="UTF-8"?>
<!-- Generated by org.testng.reporters.JUnitReportReporter -->
<testsuite hostname="SPTVMLAP-2124" failures="0" tests="1" name="com.test.Customer.AllScenarios_Customer_Search" time="180.059" errors="0" timestamp="2024-11-22T16:34:44 IST" skipped="0">
  <testcase classname="com.test.Customer.AllScenarios_Customer_Search" name="customerSearch" time="180.059"/>
  <system-out/>
</testsuite> <!-- com.test.Customer.AllScenarios_Customer_Search -->
