<?xml version="1.0" encoding="UTF-8"?>
<!-- Generated by org.testng.reporters.JUnitReportReporter -->
<testsuite hostname="SPBLRLAP-611" failures="0" tests="1" name="com.test.Customer.AllScenarios_Admin_UserCreation" time="152.694" errors="0" timestamp="2025-02-06T19:34:13 IST" skipped="0">
  <testcase classname="com.test.Customer.AllScenarios_Admin_UserCreation" name="userCreation" time="152.694"/>
  <system-out/>
</testsuite> <!-- com.test.Customer.AllScenarios_Admin_UserCreation -->
