<?xml version="1.0" encoding="UTF-8"?>
<!-- Generated by org.testng.reporters.JUnitReportReporter -->
<testsuite hostname="SPTVMLAP-2124" failures="0" tests="1" name="com.test.ProcessingAndPosting.AllScenarios_ProcessAndPosting_ChargePosting_LoanChargePosting_TRANSFER" time="85.954" errors="0" timestamp="2025-03-14T14:12:50 IST" skipped="0">
  <testcase classname="com.test.ProcessingAndPosting.AllScenarios_ProcessAndPosting_ChargePosting_LoanChargePosting_TRANSFER" name="newCustomer" time="85.954"/>
  <system-out/>
</testsuite> <!-- com.test.ProcessingAndPosting.AllScenarios_ProcessAndPosting_ChargePosting_LoanChargePosting_TRANSFER -->
