<?xml version="1.0" encoding="UTF-8"?>
<!-- Generated by org.testng.reporters.JUnitReportReporter -->
<testsuite hostname="SPBLRLAP-2288" failures="0" tests="1" name="com.test.AccountOpening.AllScenarios_AccOpn_InvestmentOpn_Demand" time="183.739" errors="0" timestamp="2025-04-04T14:55:21 IST" skipped="0">
  <testcase classname="com.test.AccountOpening.AllScenarios_AccOpn_InvestmentOpn_Demand" name="newCustomer" time="183.739"/>
</testsuite> <!-- com.test.AccountOpening.AllScenarios_AccOpn_InvestmentOpn_Demand -->
