<?xml version="1.0" encoding="UTF-8"?>
<!-- Generated by org.testng.reporters.JUnitReportReporter -->
<testsuite hostname="SPMUMLAP-065" failures="0" tests="1" name="com.test.AccountOpening.AllScenarios_AccOpn_GeneralOpn_SuspenseAsset_CASH" time="1.737" errors="0" timestamp="2025-03-14T16:17:32 IST" skipped="0">
  <testcase classname="com.test.AccountOpening.AllScenarios_AccOpn_GeneralOpn_SuspenseAsset_CASH" name="newCustomer" time="1.737"/>
  <system-out/>
</testsuite> <!-- com.test.AccountOpening.AllScenarios_AccOpn_GeneralOpn_SuspenseAsset_CASH -->
