<?xml version="1.0" encoding="UTF-8"?>
<!-- Generated by org.testng.reporters.JUnitReportReporter -->
<testsuite hostname="SPMUMLAP-4102" failures="0" tests="1" name="com.test.Agent_transfer.AllScenarios_Agent_Transfer" time="34.487" errors="0" timestamp="2025-03-24T16:24:13 IST" skipped="0">
  <testcase classname="com.test.Agent_transfer.AllScenarios_Agent_Transfer" name="newCustomer" time="34.487"/>
  <system-out/>
</testsuite> <!-- com.test.Agent_transfer.AllScenarios_Agent_Transfer -->
