<?xml version="1.0" encoding="UTF-8"?>
<!-- Generated by org.testng.reporters.JUnitReportReporter -->
<testsuite hostname="SPTVMLAP-2124" failures="0" tests="1" name="com.test.GroupLoans.AllScenarios_GroupLoans_GroupLoanCollection_TRANSFER" time="182.734" errors="0" timestamp="2025-04-17T15:30:15 IST" skipped="0">
  <testcase classname="com.test.GroupLoans.AllScenarios_GroupLoans_GroupLoanCollection_TRANSFER" name="groupLoanCollection_CASH" time="182.734"/>
  <system-out/>
</testsuite> <!-- com.test.GroupLoans.AllScenarios_GroupLoans_GroupLoanCollection_TRANSFER -->
