<?xml version="1.0" encoding="UTF-8"?>
<!-- Generated by org.testng.reporters.JUnitReportReporter -->
<testsuite hostname="SPMUMLAP-4102" failures="0" tests="1" name="com.test.user.TimesheetModule.AllScenarios_Multiple_FD_Intrest_Payment_Cash_and_Transfer" time="926.474" errors="0" timestamp="2025-04-03T14:48:37 IST" skipped="0">
  <testcase classname="com.test.user.TimesheetModule.AllScenarios_Multiple_FD_Intrest_Payment_Cash_and_Transfer" name="newCustomer" time="926.474"/>
  <system-out/>
</testsuite> <!-- com.test.user.TimesheetModule.AllScenarios_Multiple_FD_Intrest_Payment_Cash_and_Transfer -->
