<?xml version="1.0" encoding="UTF-8"?>
<!-- Generated by org.testng.reporters.JUnitReportReporter -->
<testsuite hostname="SPTVMLAP-2124" failures="0" tests="1" name="com.NBFC_CLS.AllScenarios_NBFC_CLS" time="181.317" errors="0" timestamp="2024-11-22T12:09:10 IST" skipped="0">
  <testcase classname="com.NBFC_CLS.AllScenarios_NBFC_CLS" name="customerSearch" time="181.317"/>
  <system-out/>
</testsuite> <!-- com.NBFC_CLS.AllScenarios_NBFC_CLS -->
