<?xml version="1.0" encoding="UTF-8"?>
<!-- Generated by org.testng.reporters.JUnitReportReporter -->
<testsuite hostname="SPCLTLAP-0319" failures="0" tests="1" name="com.test.Customer.AllScenarios_Cust_CustRegister" time="66.353" errors="0" timestamp="2025-04-15T11:04:37 IST" skipped="0">
  <testcase classname="com.test.Customer.AllScenarios_Cust_CustRegister" name="customerRegister" time="66.353"/>
</testsuite> <!-- com.test.Customer.AllScenarios_Cust_CustRegister -->
