<?xml version="1.0" encoding="UTF-8"?>
<!-- Generated by org.testng.reporters.JUnitReportReporter -->
<testsuite hostname="SPTVMLAP-2631" failures="0" tests="1" name="com.test.Debenture_Application.AllScenario_Debenture_Application_Transfer" time="271.487" errors="0" timestamp="2025-04-23T20:14:39 IST" skipped="0">
  <testcase classname="com.test.Debenture_Application.AllScenario_Debenture_Application_Transfer" name="customerRegister" time="271.487"/>
  <system-out/>
</testsuite> <!-- com.test.Debenture_Application.AllScenario_Debenture_Application_Transfer -->
