<?xml version="1.0" encoding="UTF-8"?>
<!-- Generated by org.testng.reporters.JUnitReportReporter -->
<testsuite hostname="SPTVMLAP-2124" failures="0" tests="1" name="com.test.AccountOperations.AllScenarios_AccOpr_MembMang_MembMang_LOAN" time="172.190" errors="0" timestamp="2025-03-24T15:26:41 IST" skipped="0">
  <testcase classname="com.test.AccountOperations.AllScenarios_AccOpr_MembMang_MembMang_LOAN" name="newCustomer" time="172.190"/>
  <system-out/>
</testsuite> <!-- com.test.AccountOperations.AllScenarios_AccOpr_MembMang_MembMang_LOAN -->
