<?xml version="1.0" encoding="UTF-8"?>
<!-- Generated by org.testng.reporters.JUnitReportReporter -->
<testsuite hostname="SPBLRLAP-2288" failures="0" tests="1" name="Debenture.Allscenaries_Debenture_series" time="156.210" errors="0" timestamp="2025-04-14T12:00:52 IST" skipped="0">
  <testcase classname="Debenture.Allscenaries_Debenture_series" name="newCustomer" time="156.210"/>
</testsuite> <!-- Debenture.Allscenaries_Debenture_series -->
