<?xml version="1.0" encoding="UTF-8"?>
<!-- Generated by org.testng.reporters.JUnitReportReporter -->
<testsuite hostname="SPMUMLAP-043" failures="0" tests="1" name="com.test.Jewel_Gold_Loan_Renewal_Module.AllScenarios_Jewel_Gold_Loan_Renewal_Cash" time="563.737" errors="0" timestamp="2025-03-05T11:36:15 IST" skipped="0">
  <testcase classname="com.test.Jewel_Gold_Loan_Renewal_Module.AllScenarios_Jewel_Gold_Loan_Renewal_Cash" name="Loan_Closure_Cash" time="563.737"/>
</testsuite> <!-- com.test.Jewel_Gold_Loan_Renewal_Module.AllScenarios_Jewel_Gold_Loan_Renewal_Cash -->
