<?xml version="1.0" encoding="UTF-8"?>
<!-- Generated by org.testng.reporters.JUnitReportReporter -->
<testsuite hostname="SPCLTLAP-0350" failures="0" tests="1" name="com.test.AccountOpening.AllScenarios_Otherloanopening_jewelsecurity_Transfer" time="643.741" errors="0" timestamp="2025-05-08T12:38:07 IST" skipped="0">
  <testcase classname="com.test.AccountOpening.AllScenarios_Otherloanopening_jewelsecurity_Transfer" name="loanOpeningModule" time="643.741"/>
</testsuite> <!-- com.test.AccountOpening.AllScenarios_Otherloanopening_jewelsecurity_Transfer -->
