<?xml version="1.0" encoding="UTF-8"?>
<!-- Generated by org.testng.reporters.JUnitReportReporter -->
<testsuite hostname="SPMUMLAP-4102" failures="0" tests="1" name="com.test.JewelLoanClosure.AllScenario_JewelLoan_Closure_Cash_Transfer" time="480.946" errors="0" timestamp="2025-03-12T12:07:33 IST" skipped="0">
  <testcase classname="com.test.JewelLoanClosure.AllScenario_JewelLoan_Closure_Cash_Transfer" name="newCustomer" time="480.946"/>
  <system-out/>
</testsuite> <!-- com.test.JewelLoanClosure.AllScenario_JewelLoan_Closure_Cash_Transfer -->
