<?xml version="1.0" encoding="UTF-8"?>
<!-- Generated by org.testng.reporters.JUnitReportReporter -->
<testsuite hostname="SPTVMLAP-2124" failures="0" tests="1" name="com.test.Others.AllSceanrios_Others_DataSharing_CollectionImporting_TRANSFER" time="181.515" errors="0" timestamp="2025-04-04T16:14:09 IST" skipped="0">
  <testcase classname="com.test.Others.AllSceanrios_Others_DataSharing_CollectionImporting_TRANSFER" name="collectionImporting_TRANSFER" time="181.515"/>
  <system-out/>
</testsuite> <!-- com.test.Others.AllSceanrios_Others_DataSharing_CollectionImporting_TRANSFER -->
