<?xml version="1.0" encoding="UTF-8"?>
<!-- Generated by org.testng.reporters.JUnitReportReporter -->
<testsuite hostname="SPMUMLAP-043" failures="0" tests="1" name="GL_Account_Transaction_Module.AllScenarios_GL_Account_Transaction_Transfer" time="250.359" errors="0" timestamp="2025-03-28T17:22:58 IST" skipped="0">
  <testcase classname="GL_Account_Transaction_Module.AllScenarios_GL_Account_Transaction_Transfer" name="Loan_Closure_Cash" time="250.359"/>
</testsuite> <!-- GL_Account_Transaction_Module.AllScenarios_GL_Account_Transaction_Transfer -->
